Log file open, 08/27/18 12:08:30
LogWindows: Failed to load 'aqProf.dll' (GetLastError=126)
LogWindows: File 'aqProf.dll' does not exist
LogWindows: Failed to load 'VtuneApi.dll' (GetLastError=126)
LogWindows: File 'VtuneApi.dll' does not exist
LogWindows: Failed to load 'VtuneApi32e.dll' (GetLastError=126)
LogWindows: File 'VtuneApi32e.dll' does not exist
LogInit: Display: Running engine for game: Day3InclassCityBlock
LogPlatformFile: Not using cached read wrapper
LogInit: Display: RandInit(1781013741) SRandInit(1781013742).
LogInit: Read version file with build ID '3944462'
LogInit: Overriding engine version to CL 4033788, compatible CL 3944462
LogInit: Registered custom module enumerator with build ID '3944462'
LogTaskGraph: Started task graph with 5 named threads and 23 total threads with 3 sets of task threads.
LogStats: Stats thread started at 0.272158
LogD3D11RHI: Aftermath initialized
LogICUInternationalization: Display: ICU TimeZone Detection - Raw Offset: -7:00, Platform Override: ''
LogModuleManager: Display: Found up-to-date module file ../../../Engine/Plugins/2D/Paper2D/Binaries/Win64/UE4Editor-Paper2D.dll (API version 3944462).
LogModuleManager: Display: Found up-to-date module file ../../../Engine/Plugins/2D/Paper2D/Binaries/Win64/UE4Editor-Paper2DEditor.dll (API version 3944462).
LogModuleManager: Display: Found up-to-date module file ../../../Engine/Plugins/2D/Paper2D/Binaries/Win64/UE4Editor-PaperSpriteSheetImporter.dll (API version 3944462).
LogModuleManager: Display: Found up-to-date module file ../../../Engine/Plugins/2D/Paper2D/Binaries/Win64/UE4Editor-PaperTiledImporter.dll (API version 3944462).
LogModuleManager: Display: Found up-to-date module file ../../../Engine/Plugins/2D/Paper2D/Binaries/Win64/UE4Editor-SmartSnapping.dll (API version 3944462).
LogModuleManager: Display: Found up-to-date module file ../../../Engine/Plugins/Blendables/LightPropagationVolume/Binaries/Win64/UE4Editor-LightPropagationVolumeRuntime.dll (API version 3944462).
LogModuleManager: Display: Found up-to-date module file ../../../Engine/Plugins/Blendables/LightPropagationVolume/Binaries/Win64/UE4Editor-LightPropagationVolumeEditor.dll (API version 3944462).
LogModuleManager: Display: Found up-to-date module file ../../../Engine/Plugins/Developer/CLionSourceCodeAccess/Binaries/Win64/UE4Editor-CLionSourceCodeAccess.dll (API version 3944462).
LogModuleManager: Display: Found up-to-date module file ../../../Engine/Plugins/Developer/GitSourceControl/Binaries/Win64/UE4Editor-GitSourceControl.dll (API version 3944462).
LogModuleManager: Display: Found up-to-date module file ../../../Engine/Plugins/Developer/PerforceSourceControl/Binaries/Win64/UE4Editor-PerforceSourceControl.dll (API version 3944462).
LogModuleManager: Display: Found up-to-date module file ../../../Engine/Plugins/Developer/SubversionSourceControl/Binaries/Win64/UE4Editor-SubversionSourceControl.dll (API version 3944462).
LogModuleManager: Display: Found up-to-date module file ../../../Engine/Plugins/Developer/UObjectPlugin/Binaries/Win64/UE4Editor-UObjectPlugin.dll (API version 3944462).
LogModuleManager: Display: Found up-to-date module file ../../../Engine/Plugins/Developer/VisualStudioCodeSourceCodeAccess/Binaries/Win64/UE4Editor-VisualStudioCodeSourceCodeAccess.dll (API version 3944462).
LogModuleManager: Display: Found up-to-date module file ../../../Engine/Plugins/Developer/VisualStudioSourceCodeAccess/Binaries/Win64/UE4Editor-VisualStudioSourceCodeAccess.dll (API version 3944462).
LogModuleManager: Display: Found up-to-date module file ../../../Engine/Plugins/Editor/AssetManagerEditor/Binaries/Win64/UE4Editor-AssetManagerEditor.dll (API version 3944462).
LogModuleManager: Display: Found up-to-date module file ../../../Engine/Plugins/Editor/CryptoKeys/Binaries/Win64/UE4Editor-CryptoKeys.dll (API version 3944462).
LogModuleManager: Display: Found up-to-date module file ../../../Engine/Plugins/Editor/CryptoKeys/Binaries/Win64/UE4Editor-CryptoKeysOpenSSL.dll (API version 3944462).
LogModuleManager: Display: Found up-to-date module file ../../../Engine/Plugins/Editor/DataValidation/Binaries/Win64/UE4Editor-DataValidation.dll (API version 3944462).
LogModuleManager: Display: Found up-to-date module file ../../../Engine/Plugins/Editor/FacialAnimation/Binaries/Win64/UE4Editor-FacialAnimation.dll (API version 3944462).
LogModuleManager: Display: Found up-to-date module file ../../../Engine/Plugins/Editor/FacialAnimation/Binaries/Win64/UE4Editor-FacialAnimationEditor.dll (API version 3944462).
LogModuleManager: Display: Found up-to-date module file ../../../Engine/Plugins/Editor/GameplayTagsEditor/Binaries/Win64/UE4Editor-GameplayTagsEditor.dll (API version 3944462).
LogModuleManager: Display: Found up-to-date module file ../../../Engine/Plugins/Editor/MobileLauncherProfileWizard/Binaries/Win64/UE4Editor-MobileLauncherProfileWizard.dll (API version 3944462).
LogModuleManager: Display: Found up-to-date module file ../../../Engine/Plugins/Editor/PluginBrowser/Binaries/Win64/UE4Editor-PluginBrowser.dll (API version 3944462).
LogModuleManager: Display: Found up-to-date module file ../../../Engine/Plugins/Editor/SpeedTreeImporter/Binaries/Win64/UE4Editor-SpeedTreeImporter.dll (API version 3944462).
LogModuleManager: Display: Found up-to-date module file ../../../Engine/Plugins/Enterprise/DatasmithContent/Binaries/Win64/UE4Editor-DatasmithContent.dll (API version 3944462).
LogModuleManager: Display: Found up-to-date module file ../../../Engine/Plugins/Experimental/AlembicImporter/Binaries/Win64/UE4Editor-AlembicImporter.dll (API version 3944462).
LogModuleManager: Display: Found up-to-date module file ../../../Engine/Plugins/Experimental/AlembicImporter/Binaries/Win64/UE4Editor-AlembicLibrary.dll (API version 3944462).
LogModuleManager: Display: Found up-to-date module file ../../../Engine/Plugins/Experimental/CharacterAI/Binaries/Win64/UE4Editor-CharacterAI.dll (API version 3944462).
LogModuleManager: Display: Found up-to-date module file ../../../Engine/Plugins/Experimental/HTML5Networking/Binaries/Win64/UE4Editor-HTML5Networking.dll (API version 3944462).
LogModuleManager: Display: Found up-to-date module file ../../../Engine/Plugins/Media/AndroidMedia/Binaries/Win64/UE4Editor-AndroidMediaEditor.dll (API version 3944462).
LogModuleManager: Display: Found up-to-date module file ../../../Engine/Plugins/Media/AndroidMedia/Binaries/Win64/UE4Editor-AndroidMediaFactory.dll (API version 3944462).
LogModuleManager: Display: Found up-to-date module file ../../../Engine/Plugins/Media/AvfMedia/Binaries/Win64/UE4Editor-AvfMediaEditor.dll (API version 3944462).
LogModuleManager: Display: Found up-to-date module file ../../../Engine/Plugins/Media/AvfMedia/Binaries/Win64/UE4Editor-AvfMediaFactory.dll (API version 3944462).
LogModuleManager: Display: Found up-to-date module file ../../../Engine/Plugins/Media/AvfMedia/Binaries/Win64/UE4Editor-AvfMediaFactory.dll (API version 3944462).
LogModuleManager: Display: Found up-to-date module file ../../../Engine/Plugins/Media/ImgMedia/Binaries/Win64/UE4Editor-ImgMedia.dll (API version 3944462).
LogModuleManager: Display: Found up-to-date module file ../../../Engine/Plugins/Media/ImgMedia/Binaries/Win64/UE4Editor-ImgMediaEditor.dll (API version 3944462).
LogModuleManager: Display: Found up-to-date module file ../../../Engine/Plugins/Media/ImgMedia/Binaries/Win64/UE4Editor-ImgMediaFactory.dll (API version 3944462).
LogModuleManager: Display: Found up-to-date module file ../../../Engine/Plugins/Media/ImgMedia/Binaries/Win64/UE4Editor-ImgMediaFactory.dll (API version 3944462).
LogModuleManager: Display: Found up-to-date module file ../../../Engine/Plugins/Media/ImgMedia/Binaries/Win64/UE4Editor-OpenExrWrapper.dll (API version 3944462).
LogModuleManager: Display: Found up-to-date module file ../../../Engine/Plugins/Media/LinearTimecode/Binaries/Win64/UE4Editor-LinearTimecode.dll (API version 3944462).
LogModuleManager: Display: Found up-to-date module file ../../../Engine/Plugins/Media/MediaCompositing/Binaries/Win64/UE4Editor-MediaCompositing.dll (API version 3944462).
LogModuleManager: Display: Found up-to-date module file ../../../Engine/Plugins/Media/MediaCompositing/Binaries/Win64/UE4Editor-MediaCompositingEditor.dll (API version 3944462).
LogModuleManager: Display: Found up-to-date module file ../../../Engine/Plugins/Media/MediaPlayerEditor/Binaries/Win64/UE4Editor-MediaPlayerEditor.dll (API version 3944462).
LogModuleManager: Display: Found up-to-date module file ../../../Engine/Plugins/Media/WmfMedia/Binaries/Win64/UE4Editor-WmfMedia.dll (API version 3944462).
LogModuleManager: Display: Found up-to-date module file ../../../Engine/Plugins/Media/WmfMedia/Binaries/Win64/UE4Editor-WmfMediaEditor.dll (API version 3944462).
LogModuleManager: Display: Found up-to-date module file ../../../Engine/Plugins/Media/WmfMedia/Binaries/Win64/UE4Editor-WmfMediaFactory.dll (API version 3944462).
LogModuleManager: Display: Found up-to-date module file ../../../Engine/Plugins/Media/WmfMedia/Binaries/Win64/UE4Editor-WmfMediaFactory.dll (API version 3944462).
LogModuleManager: Display: Found up-to-date module file ../../../Engine/Plugins/Messaging/TcpMessaging/Binaries/Win64/UE4Editor-TcpMessaging.dll (API version 3944462).
LogModuleManager: Display: Found up-to-date module file ../../../Engine/Plugins/Messaging/UdpMessaging/Binaries/Win64/UE4Editor-UdpMessaging.dll (API version 3944462).
LogModuleManager: Display: Found up-to-date module file ../../../Engine/Plugins/MovieScene/ActorSequence/Binaries/Win64/UE4Editor-ActorSequence.dll (API version 3944462).
LogModuleManager: Display: Found up-to-date module file ../../../Engine/Plugins/MovieScene/LevelSequenceEditor/Binaries/Win64/UE4Editor-LevelSequenceEditor.dll (API version 3944462).
LogModuleManager: Display: Found up-to-date module file ../../../Engine/Plugins/MovieScene/MatineeToLevelSequence/Binaries/Win64/UE4Editor-MatineeToLevelSequence.dll (API version 3944462).
LogModuleManager: Display: Found up-to-date module file ../../../Engine/Plugins/NetcodeUnitTest/NetcodeUnitTest/Binaries/Win64/UE4Editor-NetcodeUnitTest.dll (API version 3944462).
LogModuleManager: Display: Found up-to-date module file ../../../Engine/Plugins/NetcodeUnitTest/NUTUnrealEngine4/Binaries/Win64/UE4Editor-NUTUnrealEngine4.dll (API version 3944462).
LogModuleManager: Display: Found up-to-date module file ../../../Engine/Plugins/Online/OnlineSubsystem/Binaries/Win64/UE4Editor-OnlineSubsystem.dll (API version 3944462).
LogModuleManager: Display: Found up-to-date module file ../../../Engine/Plugins/Runtime/AndroidPermission/Binaries/Win64/UE4Editor-AndroidPermission.dll (API version 3944462).
LogModuleManager: Display: Found up-to-date module file ../../../Engine/Plugins/Online/OnlineSubsystemNull/Binaries/Win64/UE4Editor-OnlineSubsystemNull.dll (API version 3944462).
LogModuleManager: Display: Found up-to-date module file ../../../Engine/Plugins/Online/OnlineSubsystemUtils/Binaries/Win64/UE4Editor-OnlineSubsystemUtils.dll (API version 3944462).
LogModuleManager: Display: Found up-to-date module file ../../../Engine/Plugins/Online/OnlineSubsystemUtils/Binaries/Win64/UE4Editor-OnlineBlueprintSupport.dll (API version 3944462).
LogModuleManager: Display: Found up-to-date module file ../../../Engine/Plugins/Runtime/AndroidDeviceProfileSelector/Binaries/Win64/UE4Editor-AndroidDeviceProfileSelector.dll (API version 3944462).
LogModuleManager: Display: Found up-to-date module file ../../../Engine/Plugins/Runtime/AppleARKit/Binaries/Win64/UE4Editor-AppleARKit.dll (API version 3944462).
LogModuleManager: Display: Found up-to-date module file ../../../Engine/Plugins/Runtime/ProceduralMeshComponent/Binaries/Win64/UE4Editor-ProceduralMeshComponent.dll (API version 3944462).
LogModuleManager: Display: Found up-to-date module file ../../../Engine/Plugins/Runtime/ProceduralMeshComponent/Binaries/Win64/UE4Editor-ProceduralMeshComponentEditor.dll (API version 3944462).
LogModuleManager: Display: Found up-to-date module file ../../../Engine/Plugins/Animation/LiveLink/Binaries/Win64/UE4Editor-LiveLink.dll (API version 3944462).
LogModuleManager: Display: Found up-to-date module file ../../../Engine/Plugins/Animation/LiveLink/Binaries/Win64/UE4Editor-LiveLinkEditor.dll (API version 3944462).
LogModuleManager: Display: Found up-to-date module file ../../../Engine/Plugins/Runtime/ArchVisCharacter/Binaries/Win64/UE4Editor-ArchVisCharacter.dll (API version 3944462).
LogModuleManager: Display: Found up-to-date module file ../../../Engine/Plugins/Runtime/AudioCapture/Binaries/Win64/UE4Editor-AudioCapture.dll (API version 3944462).
LogModuleManager: Display: Found up-to-date module file ../../../Engine/Plugins/Runtime/AudioCapture/Binaries/Win64/UE4Editor-AudioCaptureEditor.dll (API version 3944462).
LogModuleManager: Display: Found up-to-date module file ../../../Engine/Plugins/Runtime/CableComponent/Binaries/Win64/UE4Editor-CableComponent.dll (API version 3944462).
LogModuleManager: Display: Found up-to-date module file ../../../Engine/Plugins/Runtime/CustomMeshComponent/Binaries/Win64/UE4Editor-CustomMeshComponent.dll (API version 3944462).
LogModuleManager: Display: Found up-to-date module file ../../../Engine/Plugins/Runtime/ExampleDeviceProfileSelector/Binaries/Win64/UE4Editor-ExampleDeviceProfileSelector.dll (API version 3944462).
LogModuleManager: Display: Found up-to-date module file ../../../Engine/Plugins/Runtime/ImmediatePhysics/Binaries/Win64/UE4Editor-ImmediatePhysics.dll (API version 3944462).
LogModuleManager: Display: Found up-to-date module file ../../../Engine/Plugins/Runtime/ImmediatePhysics/Binaries/Win64/UE4Editor-ImmediatePhysicsEditor.dll (API version 3944462).
LogModuleManager: Display: Found up-to-date module file ../../../Engine/Plugins/Runtime/LocationServicesBPLibrary/Binaries/Win64/UE4Editor-LocationServicesBPLibrary.dll (API version 3944462).
LogModuleManager: Display: Found up-to-date module file ../../../Engine/Plugins/Runtime/MobilePatchingUtils/Binaries/Win64/UE4Editor-MobilePatchingUtils.dll (API version 3944462).
LogModuleManager: Display: Found up-to-date module file ../../../Engine/Plugins/Runtime/Oculus/OculusVR/Binaries/Win64/UE4Editor-OculusHMD.dll (API version 3944462).
LogModuleManager: Display: Found up-to-date module file ../../../Engine/Plugins/Runtime/Oculus/OculusVR/Binaries/Win64/UE4Editor-OculusInput.dll (API version 3944462).
LogModuleManager: Display: Found up-to-date module file ../../../Engine/Plugins/Runtime/Oculus/OculusVR/Binaries/Win64/UE4Editor-OculusEditor.dll (API version 3944462).
LogModuleManager: Display: Found up-to-date module file ../../../Engine/Plugins/Runtime/PhysXVehicles/Binaries/Win64/UE4Editor-PhysXVehicles.dll (API version 3944462).
LogModuleManager: Display: Found up-to-date module file ../../../Engine/Plugins/Runtime/PhysXVehicles/Binaries/Win64/UE4Editor-PhysXVehiclesEditor.dll (API version 3944462).
LogModuleManager: Display: Found up-to-date module file ../../../Engine/Plugins/Runtime/RuntimePhysXCooking/Binaries/Win64/UE4Editor-RuntimePhysXCooking.dll (API version 3944462).
LogModuleManager: Display: Found up-to-date module file ../../../Engine/Plugins/Runtime/Steam/SteamVR/Binaries/Win64/UE4Editor-SteamVR.dll (API version 3944462).
LogModuleManager: Display: Found up-to-date module file ../../../Engine/Plugins/Runtime/Steam/SteamVR/Binaries/Win64/UE4Editor-SteamVRController.dll (API version 3944462).
LogModuleManager: Display: Found up-to-date module file ../../../Engine/Plugins/Runtime/WindowsMoviePlayer/Binaries/Win64/UE4Editor-WindowsMoviePlayer.dll (API version 3944462).
LogPluginManager: Mounting plugin Paper2D
LogPluginManager: Mounting plugin LiveLink
LogPluginManager: Mounting plugin LightPropagationVolume
LogPluginManager: Mounting plugin CLionSourceCodeAccess
LogPluginManager: Mounting plugin CodeLiteSourceCodeAccess
LogPluginManager: Mounting plugin GitSourceControl
LogPluginManager: Mounting plugin KDevelopSourceCodeAccess
LogPluginManager: Mounting plugin NullSourceCodeAccess
LogPluginManager: Mounting plugin PerforceSourceControl
LogPluginManager: Mounting plugin SubversionSourceControl
LogPluginManager: Mounting plugin UObjectPlugin
LogPluginManager: Mounting plugin VisualStudioCodeSourceCodeAccess
LogPluginManager: Mounting plugin VisualStudioSourceCodeAccess
LogPluginManager: Mounting plugin XCodeSourceCodeAccess
LogPluginManager: Mounting plugin AssetManagerEditor
LogPluginManager: Mounting plugin CryptoKeys
LogPluginManager: Mounting plugin DataValidation
LogPluginManager: Mounting plugin FacialAnimation
LogPluginManager: Mounting plugin GameplayTagsEditor
LogPluginManager: Mounting plugin MobileLauncherProfileWizard
LogPluginManager: Mounting plugin PluginBrowser
LogPluginManager: Mounting plugin SpeedTreeImporter
LogPluginManager: Mounting plugin DatasmithContent
LogPluginManager: Mounting plugin AlembicImporter
LogPluginManager: Mounting plugin CharacterAI
LogPluginManager: Mounting plugin HTML5Networking
LogPluginManager: Mounting plugin AndroidMedia
LogPluginManager: Mounting plugin AvfMedia
LogPluginManager: Mounting plugin ImgMedia
LogPluginManager: Mounting plugin LinearTimecode
LogPluginManager: Mounting plugin MediaCompositing
LogPluginManager: Mounting plugin MediaPlayerEditor
LogPluginManager: Mounting plugin WmfMedia
LogPluginManager: Mounting plugin TcpMessaging
LogPluginManager: Mounting plugin UdpMessaging
LogPluginManager: Mounting plugin ActorSequence
LogPluginManager: Mounting plugin LevelSequenceEditor
LogPluginManager: Mounting plugin MatineeToLevelSequence
LogPluginManager: Mounting plugin NetcodeUnitTest
LogPluginManager: Mounting plugin NUTUnrealEngine4
LogPluginManager: Mounting plugin OnlineSubsystemGooglePlay
LogPluginManager: Mounting plugin OnlineSubsystemIOS
LogPluginManager: Mounting plugin OnlineSubsystem
LogPluginManager: Mounting plugin OnlineSubsystemNull
LogPluginManager: Mounting plugin OnlineSubsystemUtils
LogPluginManager: Mounting plugin AndroidDeviceProfileSelector
LogPluginManager: Mounting plugin AndroidMoviePlayer
LogPluginManager: Mounting plugin AndroidPermission
LogPluginManager: Mounting plugin AppleARKit
LogPluginManager: Mounting plugin AppleMoviePlayer
LogPluginManager: Mounting plugin ArchVisCharacter
LogPluginManager: Mounting plugin AudioCapture
LogPluginManager: Mounting plugin CableComponent
LogPluginManager: Mounting plugin CustomMeshComponent
LogPluginManager: Mounting plugin ExampleDeviceProfileSelector
LogPluginManager: Mounting plugin GoogleCloudMessaging
LogPluginManager: Mounting plugin ImmediatePhysics
LogPluginManager: Mounting plugin IOSDeviceProfileSelector
LogPluginManager: Mounting plugin LinuxDeviceProfileSelector
LogPluginManager: Mounting plugin LocationServicesBPLibrary
LogPluginManager: Mounting plugin MobilePatchingUtils
LogPluginManager: Mounting plugin OculusVR
LogPluginManager: Plugin shader directory ../../../Engine/Plugins/Runtime/Oculus/OculusVR/Shaders found
LogPluginManager: Mapping shader source directory ../../../Engine/Plugins/Runtime/Oculus/OculusVR/Shaders to virtual directory /Plugin/OculusVR
LogPluginManager: Mounting plugin PhysXVehicles
LogPluginManager: Mounting plugin ProceduralMeshComponent
LogPluginManager: Mounting plugin RuntimePhysXCooking
LogPluginManager: Mounting plugin SteamVR
LogPluginManager: Mounting plugin WindowsMoviePlayer
LogStreaming: Display: Took  0.988s to configure plugins.
LogInit: Using libcurl 7.47.1
LogInit:  - built for x86_64-pc-win32
LogInit:  - supports SSL with OpenSSL/1.0.2g
LogInit:  - supports HTTP deflate (compression) using libz 1.2.8
LogInit:  - other features:
LogInit:      CURL_VERSION_SSL
LogInit:      CURL_VERSION_LIBZ
LogInit:      CURL_VERSION_IPV6
LogInit:      CURL_VERSION_ASYNCHDNS
LogInit:      CURL_VERSION_LARGEFILE
LogInit:      CURL_VERSION_IDN
LogInit:  CurlRequestOptions (configurable via config and command line):
LogInit:  - bVerifyPeer = false  - Libcurl will NOT verify peer certificate
LogInit:  - bUseHttpProxy = false  - Libcurl will NOT use HTTP proxy
LogInit:  - bDontReuseConnections = false  - Libcurl will reuse connections
LogInit:  - CertBundlePath = nullptr  - Libcurl will use whatever was configured at build time.
LogInit:  - MaxHostConnections = 16  - Libcurl will limit the number of connections to a host
LogInit:  - LocalHostAddr = Default
LogInit: WinSock: version 1.1 (2.2), MaxSocks=32767, MaxUdp=65467
LogInit: WinSock: I am eae-n-035 (155.97.29.45:0)
LogInit: Build: ++UE4+Release-4.19-CL-4033788
LogInit: Engine Version: 4.19.2-4033788+++UE4+Release-4.19
LogInit: Compatible Engine Version: 4.19.0-3944462+++UE4+Release-4.19
LogInit: Net CL: 3944462
LogDevObjectVersion: Number of dev versions registered: 18
LogDevObjectVersion:   Dev-Blueprints (B0D832E4-1F89-4F0D-ACCF-7EB736FD4AA2): 10
LogDevObjectVersion:   Dev-Build (E1C64328-A22C-4D53-A36C-8E866417BD8C): 0
LogDevObjectVersion:   Dev-Core (375EC13C-06E4-48FB-B500-84F0262A717E): 2
LogDevObjectVersion:   Dev-Editor (E4B068ED-F494-42E9-A231-DA0B2E46BB41): 23
LogDevObjectVersion:   Dev-Framework (CFFC743F-43B0-4480-9391-14DF171D2073): 33
LogDevObjectVersion:   Dev-Mobile (B02B49B5-BB20-44E9-A304-32B752E40360): 2
LogDevObjectVersion:   Dev-Networking (A4E4105C-59A1-49B5-A7C5-40C4547EDFEE): 0
LogDevObjectVersion:   Dev-Online (39C831C9-5AE6-47DC-9A44-9C173E1C8E7C): 0
LogDevObjectVersion:   Dev-Physics (78F01B33-EBEA-4F98-B9B4-84EACCB95AA2): 0
LogDevObjectVersion:   Dev-Platform (6631380F-2D4D-43E0-8009-CF276956A95A): 0
LogDevObjectVersion:   Dev-Rendering (12F88B9F-8875-4AFC-A67C-D90C383ABD29): 25
LogDevObjectVersion:   Dev-Sequencer (7B5AE74C-D270-4C10-A958-57980B212A5A): 6
LogDevObjectVersion:   Dev-VR (D7296918-1DD6-4BDD-9DE2-64A83CC13884): 1
LogDevObjectVersion:   Dev-LoadTimes (C2A15278-BFE7-4AFE-6C17-90FF531DF755): 1
LogDevObjectVersion:   Private-Geometry (6EACA3D4-40EC-4CC1-B786-8BED09428FC5): 2
LogDevObjectVersion:   Dev-AnimPhys (29E575DD-E0A3-4627-9D10-D276232CDCEA): 16
LogDevObjectVersion:   Dev-ReflectionCapture (6B266CEC-1EC7-4B8F-A30B-E4D90942FC07): 1
LogDevObjectVersion:   Dev-Automation (0DF73D61-A23F-47EA-B727-89E90C41499A): 1
LogInit: Compiled (64-bit): Apr 27 2018 02:06:57
LogInit: Compiled with Visual C++: 19.00.24215.01
LogInit: Build Configuration: Development
LogInit: Branch Name: ++UE4+Release-4.19
LogInit: Command Line: -EpicPortal 
LogInit: Base Directory: C:/Program Files/Epic Games/UE_4.19/Engine/Binaries/Win64/
LogInit: Installed Engine Build: 1
LogStreaming: Display: Took  0.000s to delete old logs.
LogInit: Presizing for max 8388607 objects, including 0 objects not considered by GC, pre-allocating 0 bytes for permanent pool.
LogInit: Object subsystem initialized
[2018.08.27-18.08.31:459][  0]LogInit: Selected Device Profile: [Windows]
[2018.08.27-18.08.31:459][  0]LogInit: Applying CVar settings loaded from the selected device profile: [Windows]
[2018.08.27-18.08.31:469][  0]LogInit: Computer: eae-n-035
[2018.08.27-18.08.31:469][  0]LogInit: User: u1213186
[2018.08.27-18.08.31:469][  0]LogInit: CPU Page size=4096, Cores=4
[2018.08.27-18.08.31:469][  0]LogInit: High frequency timer resolution =3.023438 MHz
[2018.08.27-18.08.31:469][  0]LogMemory: Memory total: Physical=15.9GB (16GB approx)
[2018.08.27-18.08.31:469][  0]LogMemory: Platform Memory Stats for Windows
[2018.08.27-18.08.31:469][  0]LogMemory: Process Physical Memory: 273.86 MB used, 273.86 MB peak
[2018.08.27-18.08.31:469][  0]LogMemory: Process Virtual Memory: 264.47 MB used, 264.47 MB peak
[2018.08.27-18.08.31:469][  0]LogMemory: Physical Memory: 3577.10 MB used,  12725.88 MB free, 16302.98 MB total
[2018.08.27-18.08.31:469][  0]LogMemory: Virtual Memory: 4790.53 MB used,  12725.88 MB free, 134217728.00 MB total
[2018.08.27-18.08.31:485][  0]LogInit: Using OS detected language (en-US).
[2018.08.27-18.08.31:485][  0]LogInit: Using OS detected locale (en-US).
[2018.08.27-18.08.31:488][  0]LogTextLocalizationManager: No specific localization for 'en-US' exists, so the 'en' localization will be used.
[2018.08.27-18.08.31:867][  0]LogStreaming: Display: Took  0.382s to EndInitTextLocalization.
[2018.08.27-18.08.31:867][  0]LogInit: Setting process to per monitor DPI aware
[2018.08.27-18.08.31:903][  0]LogSlate: New Slate User Created.  User Index 0, Is Virtual User: 0
[2018.08.27-18.08.31:903][  0]LogSlate: Slate User Registered.  User Index 0, Is Virtual User: 0
[2018.08.27-18.08.32:076][  0]LogD3D11RHI: D3D11 adapters:
[2018.08.27-18.08.32:113][  0]LogD3D11RHI:    0. 'Radeon RX Vega M GH Graphics' (Feature Level 11_0)
[2018.08.27-18.08.32:113][  0]LogD3D11RHI:       4042/0/8151 MB DedicatedVideo/DedicatedSystem/SharedSystem, Outputs:1, VendorId:0x1002
[2018.08.27-18.08.32:135][  0]LogD3D11RHI:    1. 'Intel(R) HD Graphics 630' (Feature Level 11_0)
[2018.08.27-18.08.32:135][  0]LogD3D11RHI:       128/0/8151 MB DedicatedVideo/DedicatedSystem/SharedSystem, Outputs:0, VendorId:0x8086
[2018.08.27-18.08.32:136][  0]LogD3D11RHI:    2. 'Microsoft Basic Render Driver' (Feature Level 11_0)
[2018.08.27-18.08.32:136][  0]LogD3D11RHI:       0/0/8151 MB DedicatedVideo/DedicatedSystem/SharedSystem, Outputs:0, VendorId:0x1414
[2018.08.27-18.08.32:136][  0]LogD3D11RHI: Chosen D3D11 Adapter: 0
[2018.08.27-18.08.32:143][  0]LogD3D11RHI: Creating new Direct3DDevice
[2018.08.27-18.08.32:143][  0]LogD3D11RHI:     GPU DeviceId: 0x694c (for the marketing name, search the web for "GPU Device Id")
[2018.08.27-18.08.32:143][  0]LogWindows: EnumDisplayDevices:
[2018.08.27-18.08.32:143][  0]LogWindows:    0. 'Radeon RX Vega M GH Graphics' (P:1 D:1)
[2018.08.27-18.08.32:143][  0]LogWindows:    1. 'Radeon RX Vega M GH Graphics' (P:0 D:0)
[2018.08.27-18.08.32:143][  0]LogWindows:    2. 'Radeon RX Vega M GH Graphics' (P:0 D:0)
[2018.08.27-18.08.32:144][  0]LogWindows:    3. 'Radeon RX Vega M GH Graphics' (P:0 D:0)
[2018.08.27-18.08.32:144][  0]LogWindows:    4. 'Radeon RX Vega M GH Graphics' (P:0 D:0)
[2018.08.27-18.08.32:144][  0]LogWindows:    5. 'Radeon RX Vega M GH Graphics' (P:0 D:0)
[2018.08.27-18.08.32:144][  0]LogWindows:    6. 'Radeon RX Vega M GH Graphics' (P:0 D:0)
[2018.08.27-18.08.32:144][  0]LogWindows:    7. 'Radeon RX Vega M GH Graphics' (P:0 D:0)
[2018.08.27-18.08.32:144][  0]LogWindows:    8. 'Radeon RX Vega M GH Graphics' (P:0 D:0)
[2018.08.27-18.08.32:144][  0]LogWindows:    9. 'Radeon RX Vega M GH Graphics' (P:0 D:0)
[2018.08.27-18.08.32:145][  0]LogWindows:    10. 'Radeon RX Vega M GH Graphics' (P:0 D:0)
[2018.08.27-18.08.32:145][  0]LogWindows:    11. 'Radeon RX Vega M GH Graphics' (P:0 D:0)
[2018.08.27-18.08.32:145][  0]LogWindows:    12. 'Radeon RX Vega M GH Graphics' (P:0 D:0)
[2018.08.27-18.08.32:145][  0]LogWindows:    13. 'Radeon RX Vega M GH Graphics' (P:0 D:0)
[2018.08.27-18.08.32:145][  0]LogWindows:    14. 'Radeon RX Vega M GH Graphics' (P:0 D:0)
[2018.08.27-18.08.32:145][  0]LogWindows:    15. 'Radeon RX Vega M GH Graphics' (P:0 D:0)
[2018.08.27-18.08.32:145][  0]LogWindows:    16. 'Intel(R) HD Graphics 630' (P:0 D:0)
[2018.08.27-18.08.32:145][  0]LogWindows:    17. 'Intel(R) HD Graphics 630' (P:0 D:0)
[2018.08.27-18.08.32:145][  0]LogWindows: DebugString: GetVideoDriverDetailsInvalid PrimaryIsNotTheChoosenAdapter GetVideoDriverDetailsInvalid PrimaryIsNotTheChoosenAdapter GetVideoDriverDetailsInvalid PrimaryIsNotTheChoosenAdapter GetVideoDriverDetailsInvalid PrimaryIsNotTheChoosenAdapter GetVideoDriverDetailsInvalid PrimaryIsNotTheChoosenAdapter GetVideoDriverDetailsInvalid PrimaryIsNotTheChoosenAdapter GetVideoDriverDetailsInvalid PrimaryIsNotTheChoosenAdapter GetVideoDriverDetailsInvalid PrimaryIsNotTheChoosenAdapter GetVideoDriverDetailsInvalid PrimaryIsNotTheChoosenAdapter GetVideoDriverDetailsInvalid PrimaryIsNotTheChoosenAdapter GetVideoDriverDetailsInvalid PrimaryIsNotTheChoosenAdapter GetVideoDriverDetailsInvalid PrimaryIsNotTheChoosenAdapter GetVideoDriverDetailsInvalid PrimaryIsNotTheChoosenAdapter GetVideoDriverDetailsInvalid PrimaryIsNotTheChoosenAdapter GetVideoDriverDetailsInvalid PrimaryIsNotTheChoosenAdapter GetVideoDriverDetailsInvalid PrimaryIsNotTheChoosenAdapter GetVideoDriverDetailsInvalid PrimaryIsNotTheChoosenAdapter GetVideoDriverDetailsInvalid PrimaryIsNotTheChoosenAdapter FoundDriverCount:0 
[2018.08.27-18.08.32:145][  0]LogD3D11RHI:     Adapter Name: Radeon RX Vega M GH Graphics
[2018.08.27-18.08.32:146][  0]LogD3D11RHI:   Driver Version: Unknown (internal:Unknown, unified:Unknown)
[2018.08.27-18.08.32:146][  0]LogD3D11RHI:      Driver Date: Unknown
[2018.08.27-18.08.32:146][  0]LogRHI: Texture pool is 2829 MB (70% of 4042 MB)
[2018.08.27-18.08.32:285][  0]LogD3D11RHI: Async texture creation enabled
[2018.08.27-18.08.32:296][  0]LogD3D11RHI: GPU Timing Frequency: 25.000000 (Debug: 2 1)
[2018.08.27-18.08.32:297][  0]LogShaderCompilers: Guid format shader working directory is -30 characters bigger than the processId version (../../../../../../Users/u1213186/Documents/Unreal Projects/Day3InclassCityBlock/Intermediate/Shaders/WorkingDirectory/5180/).
[2018.08.27-18.08.32:297][  0]LogShaderCompilers: Cleaned the shader compiler working directory 'C:/Users/u1213186/AppData/Local/Temp/UnrealShaderWorkingDir/87C0B6A34376ED09CE4653A8B83712FB/'.
[2018.08.27-18.08.32:495][  0]LogTemp: Display: Loaded TP AllDesktopTargetPlatform
[2018.08.27-18.08.32:507][  0]LogTemp: Display: Loaded TP MacClientTargetPlatform
[2018.08.27-18.08.32:518][  0]LogTemp: Display: Loaded TP MacNoEditorTargetPlatform
[2018.08.27-18.08.32:529][  0]LogTemp: Display: Loaded TP MacServerTargetPlatform
[2018.08.27-18.08.32:541][  0]LogTemp: Display: Loaded TP MacTargetPlatform
[2018.08.27-18.08.32:552][  0]LogTemp: Display: Loaded TP WindowsClientTargetPlatform
[2018.08.27-18.08.32:563][  0]LogTemp: Display: Loaded TP WindowsNoEditorTargetPlatform
[2018.08.27-18.08.32:575][  0]LogTemp: Display: Loaded TP WindowsServerTargetPlatform
[2018.08.27-18.08.32:580][  0]LogTemp: Display: Loaded TP WindowsTargetPlatform
[2018.08.27-18.08.32:590][  0]LogTemp: Display: Loaded TP Android_ASTCTargetPlatform
[2018.08.27-18.08.32:599][  0]LogTemp: Display: Loaded TP Android_ATCTargetPlatform
[2018.08.27-18.08.32:610][  0]LogTemp: Display: Loaded TP Android_DXTTargetPlatform
[2018.08.27-18.08.32:620][  0]LogTemp: Display: Loaded TP Android_ETC1aTargetPlatform
[2018.08.27-18.08.32:632][  0]LogTemp: Display: Loaded TP Android_ETC1TargetPlatform
[2018.08.27-18.08.32:643][  0]LogTemp: Display: Loaded TP Android_ETC2TargetPlatform
[2018.08.27-18.08.32:665][  0]LogTemp: Display: Loaded TP Android_MultiTargetPlatform
[2018.08.27-18.08.32:665][  0]LogTemp: Display: Loaded TP Android_PVRTCTargetPlatform
[2018.08.27-18.08.32:676][  0]LogTemp: Display: Loaded TP AndroidTargetPlatform
[2018.08.27-18.08.32:677][  0]LogTemp: Display: Loaded TP HTML5TargetPlatform
[2018.08.27-18.08.32:712][  0]LogTemp: Display: Loaded TP IOSTargetPlatform
[2018.08.27-18.08.32:723][  0]LogTemp: Display: Loaded TP TVOSTargetPlatform
[2018.08.27-18.08.32:733][  0]LogTemp: Display: Loaded TP LinuxClientTargetPlatform
[2018.08.27-18.08.32:745][  0]LogTemp: Display: Loaded TP LinuxNoEditorTargetPlatform
[2018.08.27-18.08.32:755][  0]LogTemp: Display: Loaded TP LinuxServerTargetPlatform
[2018.08.27-18.08.32:767][  0]LogTemp: Display: Loaded TP LinuxTargetPlatform
[2018.08.27-18.08.32:768][  0]LogTargetPlatformManager: Display: Building Assets For Windows
[2018.08.27-18.08.32:873][  0]LogXGEController: Cannot use XGE Controller as Incredibuild is not installed on this machine.
[2018.08.27-18.08.32:873][  0]LogShaderCompilers: Cannot use XGE Shader Compiler as Incredibuild is not installed on this machine.
[2018.08.27-18.08.32:873][  0]LogShaderCompilers: Display: Using Local Shader Compiler.
[2018.08.27-18.08.33:445][  0]LogDerivedDataCache: Display: Max Cache Size: 512 MB
[2018.08.27-18.08.33:512][  0]LogDerivedDataCache: Loaded boot cache 0.07s 74MB C:/Users/u1213186/AppData/Local/UnrealEngine/4.19/DerivedDataCache/Boot.ddc.
[2018.08.27-18.08.33:512][  0]LogDerivedDataCache: Display: Loaded Boot cache: C:/Users/u1213186/AppData/Local/UnrealEngine/4.19/DerivedDataCache/Boot.ddc
[2018.08.27-18.08.33:512][  0]LogDerivedDataCache: FDerivedDataBackendGraph:  Pak pak cache file ../../../../../../Users/u1213186/Documents/Unreal Projects/Day3InclassCityBlock/DerivedDataCache/DDC.ddp not found, will not use a pak cache.
[2018.08.27-18.08.33:512][  0]LogDerivedDataCache: Unable to find inner node Pak for hierarchical cache Hierarchy.
[2018.08.27-18.08.33:512][  0]LogDerivedDataCache: FDerivedDataBackendGraph:  CompressedPak pak cache file ../../../../../../Users/u1213186/Documents/Unreal Projects/Day3InclassCityBlock/DerivedDataCache/Compressed.ddp not found, will not use a pak cache.
[2018.08.27-18.08.33:512][  0]LogDerivedDataCache: Unable to find inner node CompressedPak for hierarchical cache Hierarchy.
[2018.08.27-18.08.33:525][  0]LogDerivedDataCache: Display: Pak cache opened for reading ../../../Engine/DerivedDataCache/Compressed.ddp.
[2018.08.27-18.08.33:538][  0]LogDerivedDataCache: Using Local data cache path C:/Users/u1213186/AppData/Local/UnrealEngine/Common/DerivedDataCache: Writable
[2018.08.27-18.08.33:538][  0]LogDerivedDataCache: Shared data cache path not found in *engine.ini, will not use an Shared cache.
[2018.08.27-18.08.33:538][  0]LogDerivedDataCache: Unable to find inner node Shared for hierarchical cache Hierarchy.
[2018.08.27-18.08.33:547][  0]LogMaterial: Verifying Global Shaders for PCD3D_SM5
[2018.08.27-18.08.33:548][  0]LogSlate: Using Freetype 2.6.0
[2018.08.27-18.08.33:548][  0]LogSlate: SlateFontCache - WITH_FREETYPE: 1, WITH_HARFBUZZ: 1
[2018.08.27-18.08.33:548][  0]LogSlate: SlateFontCache - WITH_FREETYPE: 1, WITH_HARFBUZZ: 1
[2018.08.27-18.08.33:657][  0]LogAssetRegistry: FAssetRegistry took 0.0255 seconds to start up
[2018.08.27-18.08.33:923][  0]LogInit: Selected Device Profile: [Windows]
[2018.08.27-18.08.34:056][  0]LogSimplygon: Simplygon DLL not present - disabling.
[2018.08.27-18.08.34:059][  0]LogMeshReduction: Using SimplygonSwarm for distributed automatic mesh merging
[2018.08.27-18.08.34:059][  0]LogMeshReduction: Using QuadricMeshReduction for automatic static mesh reduction
[2018.08.27-18.08.34:059][  0]LogMeshReduction: No automatic skeletal mesh reduction module available
[2018.08.27-18.08.34:059][  0]LogMeshReduction: No automatic mesh merging module available
[2018.08.27-18.08.34:059][  0]LogMeshMerging: No automatic mesh merging module available
[2018.08.27-18.08.34:092][  0]LogNetVersion: Day3InclassCityBlock , NetCL: 3944462, EngineNetVer: 2, GameNetVer: 0 (Checksum: 698849201)
[2018.08.27-18.08.34:508][  0]LogPackageLocalizationCache: Processed 9 localized package path(s) for 2 prioritized culture(s) in 0.066242 seconds
[2018.08.27-18.08.34:513][  0]LogUObjectArray: 36728 objects as part of root set at end of initial load.
[2018.08.27-18.08.34:513][  0]LogUObjectAllocator: 7314312 out of 0 bytes used by permanent object pool.
[2018.08.27-18.08.34:513][  0]LogUObjectArray: CloseDisregardForGC: 0/0 objects in disregard for GC pool
[2018.08.27-18.08.36:022][  0]LogTcpMessaging: Initializing TcpMessaging bridge
[2018.08.27-18.08.36:065][  0]LogUdpMessaging: Initializing bridge on interface 0.0.0.0:0 to multicast group 230.0.0.1:6666.
[2018.08.27-18.08.36:422][  0]SourceControl: Source control is disabled
[2018.08.27-18.08.36:422][  0]SourceControl: Source control is disabled
[2018.08.27-18.08.36:441][  0]SourceControl: Source control is disabled
[2018.08.27-18.08.36:459][  0]SourceControl: Source control is disabled
[2018.08.27-18.08.36:960][  0]LogAndroidPermission: UAndroidPermissionCallbackProxy::GetInstance
[2018.08.27-18.08.37:138][  0]LogOcInput: OculusInput pre-init called
[2018.08.27-18.08.37:247][  0]LogEngine: Initializing Engine...
[2018.08.27-18.08.37:248][  0]LogHMD: Failed to initialize OpenVR with code 110
[2018.08.27-18.08.37:249][  0]LogStats: UGameplayTagsManager::ConstructGameplayTagTree: Construct from data asset -  0.000 s
[2018.08.27-18.08.37:249][  0]LogStats: UGameplayTagsManager::ConstructGameplayTagTree: GameplayTagTreeChangedEvent.Broadcast -  0.000 s
[2018.08.27-18.08.37:463][  0]LogAIModule: Creating AISystem for world Untitled
[2018.08.27-18.08.37:489][  0]LogInit: XAudio2 using '5 - DELL UZ2315H (AMD High Definition Audio Device)' : 2 channels at 48 kHz using 16 bits per sample (channel mask 0x3)
[2018.08.27-18.08.37:516][  0]LogInit: FAudioDevice initialized.
[2018.08.27-18.08.37:599][  0]LogDerivedDataCache: Saved boot cache 0.08s 74MB C:/Users/u1213186/AppData/Local/UnrealEngine/4.19/DerivedDataCache/Boot.ddc.
[2018.08.27-18.08.37:620][  0]LogInit: Texture streaming: Enabled
[2018.08.27-18.08.37:637][  0]LogEngineSessionManager: EngineSessionManager initialized
[2018.08.27-18.08.37:651][  0]LogInit: Transaction tracking system initialized
[2018.08.27-18.08.37:675][  0]BlueprintLog: New page: Editor Load
[2018.08.27-18.08.37:793][  0]LocalizationService: Localization service is disabled
[2018.08.27-18.08.37:904][  0]LogConsoleResponse: Display: 
[2018.08.27-18.08.38:059][  0]LogCook: Display: Max memory allowance for cook 16384mb min free memory 0mb
[2018.08.27-18.08.38:059][  0]LogCook: Display: Mobile HDR setting 1
[2018.08.27-18.08.38:059][  0]LogGameplayTags: Display: UGameplayTagsManager::DoneAddingNativeTags. DelegateIsBound: 0
[2018.08.27-18.08.38:059][  0]LogStats: UGameplayTagsManager::ConstructGameplayTagTree: Construct from data asset -  0.000 s
[2018.08.27-18.08.38:059][  0]LogStats: UGameplayTagsManager::ConstructGameplayTagTree: GameplayTagTreeChangedEvent.Broadcast -  0.000 s
[2018.08.27-18.08.38:469][  0]LogFileCache: Scanning file cache for directory 'C:/Users/u1213186/Documents/Unreal Projects/Day3InclassCityBlock/Content/' took 0.01s
[2018.08.27-18.08.38:469][  0]SourceControl: Source control is disabled
[2018.08.27-18.08.38:469][  0]Cmd: MAP LOAD FILE="../../../../../../Users/u1213186/Documents/Unreal Projects/Day3InclassCityBlock/Content/ThirdPersonBP/Maps/ThirdPersonExampleMap.umap" TEMPLATE=0 SHOWPROGRESS=1 FEATURELEVEL=3
[2018.08.27-18.08.38:470][  0]LightingResults: New page: Lighting Build
[2018.08.27-18.08.38:473][  0]MapCheck: New page: Map Check
[2018.08.27-18.08.38:473][  0]LightingResults: New page: Lighting Build
[2018.08.27-18.08.38:519][  0]LogUObjectGlobals: Created PersistentFrame Addr=0x000001d521e25d80, Size=64, Default__ThirdPerson_AnimBP_C Function /Game/Mannequin/Animations/ThirdPerson_AnimBP.ThirdPerson_AnimBP_C:ExecuteUbergraph_ThirdPerson_AnimBP
[2018.08.27-18.08.38:528][  0]LogUObjectGlobals: Destroyed PersistentFrame Addr=0x000001d521e25d80, Size=64
[2018.08.27-18.08.38:528][  0]LogUObjectGlobals: Created PersistentFrame Addr=0x000001d521e25b80, Size=64, Default__ThirdPerson_AnimBP_C Function /Engine/Transient.REINST_ThirdPerson_AnimBP_C_0:ExecuteUbergraph_ThirdPerson_AnimBP
[2018.08.27-18.08.38:535][  0]LogUObjectGlobals: Created PersistentFrame Addr=0x000001d522e07880, Size=72, Default__ThirdPerson_AnimBP_C Function /Game/Mannequin/Animations/ThirdPerson_AnimBP.ThirdPerson_AnimBP_C:ExecuteUbergraph_ThirdPerson_AnimBP
[2018.08.27-18.08.38:566][  0]LogUObjectGlobals: Created PersistentFrame Addr=0x000001d522c46ac0, Size=296, Default__ThirdPersonCharacter_C Function /Game/ThirdPersonBP/Blueprints/ThirdPersonCharacter.ThirdPersonCharacter_C:ExecuteUbergraph_ThirdPersonCharacter
[2018.08.27-18.08.38:571][  0]LogUObjectGlobals: Destroyed PersistentFrame Addr=0x000001d522c46ac0, Size=296
[2018.08.27-18.08.38:571][  0]LogUObjectGlobals: Created PersistentFrame Addr=0x000001d522c46ac0, Size=296, Default__ThirdPersonCharacter_C Function /Engine/Transient.REINST_ThirdPersonCharacter_C_4:ExecuteUbergraph_ThirdPersonCharacter
[2018.08.27-18.08.38:576][  0]LogUObjectGlobals: Created PersistentFrame Addr=0x000001d522c45440, Size=296, Default__ThirdPersonCharacter_C Function /Game/ThirdPersonBP/Blueprints/ThirdPersonCharacter.ThirdPersonCharacter_C:ExecuteUbergraph_ThirdPersonCharacter
[2018.08.27-18.08.38:774][  0]LogSkeletalMesh: Skeletal Mesh found in DDC [36.925514ms] /Game/Mannequin/Character/Mesh/SK_Mannequin.SK_Mannequin
[2018.08.27-18.08.38:890][  0]LogAIModule: Creating AISystem for world ThirdPersonExampleMap
[2018.08.27-18.08.38:898][  0]LogEditorServer: Finished looking for orphan Actors (0.000 secs)
[2018.08.27-18.08.38:911][  0]LogUObjectGlobals: Destroyed PersistentFrame Addr=0x000001d521e25b80, Size=64
[2018.08.27-18.08.38:933][  0]LogUObjectGlobals: Destroyed PersistentFrame Addr=0x000001d522c46ac0, Size=296
[2018.08.27-18.08.38:934][  0]Cmd: MAP CHECKDEP NOCLEARLOG
[2018.08.27-18.08.38:998][  0]MapCheck: Map check complete: 0 Error(s), 0 Warning(s), took 63.555ms to complete.
[2018.08.27-18.08.38:998][  0]LogFileHelpers: Loading map 'ThirdPersonExampleMap' took 0.529
[2018.08.27-18.08.39:138][  0]LogCollectionManager: Loaded 0 collections in 0.002310 seconds
[2018.08.27-18.08.39:182][  0]LogFileCache: Scanning file cache for directory 'C:/Users/u1213186/Documents/Unreal Projects/Day3InclassCityBlock/Saved/Collections/' took 0.01s
[2018.08.27-18.08.39:182][  0]LogFileCache: Scanning file cache for directory 'C:/Users/u1213186/Documents/Unreal Projects/Day3InclassCityBlock/Content/Developers/u1213186/Collections/' took 0.01s
[2018.08.27-18.08.39:182][  0]LogFileCache: Scanning file cache for directory 'C:/Users/u1213186/Documents/Unreal Projects/Day3InclassCityBlock/Content/Collections/' took 0.01s
[2018.08.27-18.08.39:182][  0]LogCollectionManager: Rebuilt the GUID cache for 0 collections in 0.000000 seconds
[2018.08.27-18.08.39:190][  0]LogContentBrowser: Native class hierarchy populated in 0.0076 seconds. Added 2452 classes and 558 folders.
[2018.08.27-18.08.39:197][  0]LogContentBrowser: Native class hierarchy updated for 'WidgetCarousel' in 0.0002 seconds. Added 0 classes and 0 folders.
[2018.08.27-18.08.39:244][  0]LogContentBrowser: Native class hierarchy updated for 'AddContentDialog' in 0.0002 seconds. Added 0 classes and 0 folders.
[2018.08.27-18.08.39:258][  0]LogContentBrowser: Native class hierarchy updated for 'SceneOutliner' in 0.0002 seconds. Added 1 classes and 2 folders.
[2018.08.27-18.08.39:281][  0]LogSlate: Took 0.000212 seconds to synchronously load lazily loaded font '../../../Engine/Content/Slate/Fonts/Roboto-Regular.ttf' (155K)
[2018.08.27-18.08.39:284][  0]LogSlate: Took 0.000199 seconds to synchronously load lazily loaded font '../../../Engine/Content/Slate/Fonts/Roboto-Bold.ttf' (160K)
[2018.08.27-18.08.39:294][  0]LogSlate: Took 0.005964 seconds to synchronously load lazily loaded font '../../../Engine/Content/Editor/Slate/Fonts/FontAwesome.ttf' (139K)
[2018.08.27-18.08.39:419][  0]LogRenderer: Reallocating scene render targets to support 1208x576 Format 10 NumSamples 1 (Frame:1).
[2018.08.27-18.08.39:573][  0]LogSlate: FSceneViewport::OnFocusLost() reason 2
[2018.08.27-18.08.39:608][  0]LogSlate: Window 'Tutorials' being destroyed
[2018.08.27-18.08.39:640][  0]LogContentBrowser: Native class hierarchy updated for 'HierarchicalLODOutliner' in 0.0002 seconds. Added 0 classes and 0 folders.
[2018.08.27-18.08.39:640][  0]LogLoad: (Engine Initialization) Total time: 10.51 seconds
[2018.08.27-18.08.39:640][  0]LogLoad: (Engine Initialization) Total Blueprint compile time: 0.00 seconds
[2018.08.27-18.08.39:649][  0]LogWindowsTextInputMethodSystem: Display: IME system now deactivated.
[2018.08.27-18.08.39:670][  0]LogContentStreaming: Texture pool size now 1000 MB
[2018.08.27-18.08.39:697][  0]LogSlate: Took 0.000185 seconds to synchronously load lazily loaded font '../../../Engine/Content/Slate/Fonts/Roboto-Light.ttf' (167K)
[2018.08.27-18.08.40:320][ 63]LogAssetRegistry: Asset discovery search completed in 6.6846 seconds
[2018.08.27-18.08.40:321][ 63]LogCollectionManager: Rebuilt the object cache for 0 collections in 0.000000 seconds (found 0 objects)
[2018.08.27-18.08.40:321][ 63]LogCollectionManager: Fixed up redirectors for 0 collections in 0.000035 seconds (updated 0 objects)
[2018.08.27-18.11.37:731][346]LogSlate: FSceneViewport::OnFocusLost() reason 0
[2018.08.27-18.11.41:552][785]LogEditorActor: Deleted Actor: StaticMeshActor
[2018.08.27-18.11.41:552][785]LogEditorActor: Deleted Actor: StaticMeshActor
[2018.08.27-18.11.41:552][785]LogEditorActor: Deleted Actor: StaticMeshActor
[2018.08.27-18.11.41:552][785]LogEditorActor: Deleted Actor: StaticMeshActor
[2018.08.27-18.11.41:561][785]LogEditorActor: Deleted 4 Actors (0.017 secs)
[2018.08.27-18.11.51:221][943]LogEditorViewport: Clicking on Actor (LMB): StaticMeshActor (Ramp_StaticMesh)
[2018.08.27-18.11.52:701][115]Cmd: DELETE
[2018.08.27-18.11.52:701][115]Cmd: ACTOR DELETE
[2018.08.27-18.11.52:702][115]LogEditorActor: Deleted Actor: StaticMeshActor
[2018.08.27-18.11.52:711][115]LogEditorActor: Deleted 1 Actors (0.010 secs)
[2018.08.27-18.11.53:613][223]LogEditorViewport: Clicking on Actor (LMB): StaticMeshActor (LeftArm_StaticMesh)
[2018.08.27-18.11.54:066][272]Cmd: DELETE
[2018.08.27-18.11.54:066][272]Cmd: ACTOR DELETE
[2018.08.27-18.11.54:067][272]LogEditorActor: Deleted Actor: StaticMeshActor
[2018.08.27-18.11.54:076][272]LogEditorActor: Deleted 1 Actors (0.010 secs)
[2018.08.27-18.11.54:764][354]LogEditorViewport: Clicking on Actor (LMB): StaticMeshActor (Bump_StaticMesh)
[2018.08.27-18.11.54:942][370]Cmd: DELETE
[2018.08.27-18.11.54:942][370]Cmd: ACTOR DELETE
[2018.08.27-18.11.54:943][370]LogEditorActor: Deleted Actor: StaticMeshActor
[2018.08.27-18.11.54:952][370]LogEditorActor: Deleted 1 Actors (0.010 secs)
[2018.08.27-18.11.55:817][473]LogEditorViewport: Clicking on Actor (LMB): StaticMeshActor (Linear_Stair_StaticMesh)
[2018.08.27-18.11.55:902][478]Cmd: DELETE
[2018.08.27-18.11.55:902][478]Cmd: ACTOR DELETE
[2018.08.27-18.11.55:903][478]LogEditorActor: Deleted Actor: StaticMeshActor
[2018.08.27-18.11.55:912][478]LogEditorActor: Deleted 1 Actors (0.010 secs)
[2018.08.27-18.11.56:808][585]LogEditorViewport: Clicking on Actor (LMB): StaticMeshActor (RightArm_StaticMesh)
[2018.08.27-18.11.57:134][619]Cmd: DELETE
[2018.08.27-18.11.57:134][619]Cmd: ACTOR DELETE
[2018.08.27-18.11.57:135][619]LogEditorActor: Deleted Actor: StaticMeshActor
[2018.08.27-18.11.57:144][619]LogEditorActor: Deleted 1 Actors (0.010 secs)
[2018.08.27-18.11.58:397][769]LogEditorViewport: Clicking on Actor (LMB): StaticMeshActor (CubeMesh)
[2018.08.27-18.11.58:738][804]Cmd: DELETE
[2018.08.27-18.11.58:738][804]Cmd: ACTOR DELETE
[2018.08.27-18.11.58:740][804]LogEditorActor: Deleted Actor: StaticMeshActor
[2018.08.27-18.11.58:749][804]LogEditorActor: Deleted 1 Actors (0.010 secs)
[2018.08.27-18.12.02:687][276]LogEditorViewport: Clicking on Actor (LMB): BP_Sky_Sphere_C (SkySphereBlueprint)
[2018.08.27-18.12.12:057][391]LogEditorViewport: Clicking on Actor (LMB): BP_Sky_Sphere_C (SkySphereBlueprint)
[2018.08.27-18.12.12:578][451]LogEditorViewport: Clicking on Actor (LMB): BP_Sky_Sphere_C (SkySphereBlueprint)
[2018.08.27-18.12.13:962][615]LogEditorViewport: Clicking on Actor (LMB): LightmassImportanceVolume (LightmassImportanceVolume)
[2018.08.27-18.12.18:656][174]Cmd: DELETE
[2018.08.27-18.12.18:656][174]Cmd: ACTOR DELETE
[2018.08.27-18.12.18:657][174]LogEditorActor: Deleted Actor: LightmassImportanceVolume
[2018.08.27-18.12.18:666][174]LogEditorActor: Deleted 1 Actors (0.010 secs)
[2018.08.27-18.12.20:620][408]LogEditorViewport: Clicking on Actor (LMB): BP_Sky_Sphere_C (SkySphereBlueprint)
[2018.08.27-18.12.21:305][486]LogEditorViewport: Clicking on Actor (LMB): BP_Sky_Sphere_C (SkySphereBlueprint)
[2018.08.27-18.12.23:534][751]LogEditorViewport: Clicking on Actor (LMB): PostProcessVolume (PostProcessVolume)
[2018.08.27-18.12.24:252][828]Cmd: DELETE
[2018.08.27-18.12.24:252][828]Cmd: ACTOR DELETE
[2018.08.27-18.12.24:253][828]LogEditorActor: Deleted Actor: PostProcessVolume
[2018.08.27-18.12.24:263][828]LogEditorActor: Deleted 1 Actors (0.010 secs)
[2018.08.27-18.12.25:803][ 12]LogEditorViewport: Clicking on Actor (LMB): StaticMeshActor (Floor)
[2018.08.27-18.12.28:127][283]LogSlate: FSceneViewport::OnFocusLost() reason 0
[2018.08.27-18.15.01:823][696]Cmd: BRUSH ADD SELECTNEWBRUSH
[2018.08.27-18.15.35:537][735]LogSlate: FSceneViewport::OnFocusLost() reason 0
[2018.08.27-18.19.24:553][190]LogSlate: Took 0.000249 seconds to synchronously load lazily loaded font '../../../Engine/Content/Slate/Fonts/Roboto-Light.ttf' (167K)
[2018.08.27-18.19.33:647][263]LogSavePackage: Save=78.27ms
[2018.08.27-18.19.33:647][263]LogSavePackage: Moving '../../../../../../Users/u1213186/Documents/Unreal Projects/Day3InclassCityBlock/Saved/ThirdPersonExampleMap_Auto1172754984701D4D9DCE531840061FDD9.tmp' to '../../../../../../Users/u1213186/Documents/Unreal Projects/Day3InclassCityBlock/Saved/Autosaves/Game/ThirdPersonBP/Maps/ThirdPersonExampleMap_Auto1.umap'
[2018.08.27-18.19.33:648][263]LogSavePackage: Display: Finished SavePackage ../../../../../../Users/u1213186/Documents/Unreal Projects/Day3InclassCityBlock/Saved/Autosaves/Game/ThirdPersonBP/Maps/ThirdPersonExampleMap_Auto1.umap
[2018.08.27-18.19.33:652][263]LogFileHelpers: Editor autosave (incl. sublevels) for '/Game/ThirdPersonBP/Maps/ThirdPersonExampleMap' took 0.106
[2018.08.27-18.19.33:652][263]LogFileHelpers: Editor autosave (incl. sublevels) for all levels took 0.106
[2018.08.27-18.21.42:404][388]LogSlate: Window 'Delete Assets' being destroyed
[2018.08.27-18.23.23:882][512]LogMaterial: Missing cached shader map for material WhiteBoxingAP, compiling. 
[2018.08.27-18.23.24:211][512]LogMaterial: Missing cached shader map for material WhiteBoxingAP, compiling. 
[2018.08.27-18.23.24:219][512]LogShaderCompilers: Display: Shaders left to compile 16
[2018.08.27-18.23.24:219][512]LogShaderCompilers: Display: Shaders left to compile 15
[2018.08.27-18.23.24:219][512]LogShaderCompilers: Display: Shaders left to compile 14
[2018.08.27-18.23.24:219][512]LogShaderCompilers: Display: Shaders left to compile 13
[2018.08.27-18.23.24:257][512]LogSlate: Took 0.007303 seconds to synchronously load lazily loaded font '../../../Engine/Content/Slate/Fonts/Roboto-BoldCondensed.ttf' (158K)
[2018.08.27-18.23.25:010][555]LogShaderCompilers: Display: Shaders left to compile 12
[2018.08.27-18.23.25:063][558]LogShaderCompilers: Display: Shaders left to compile 11
[2018.08.27-18.23.25:063][558]LogShaderCompilers: Display: Shaders left to compile 10
[2018.08.27-18.23.25:083][559]LogShaderCompilers: Display: Shaders left to compile 9
[2018.08.27-18.23.25:175][564]LogShaderCompilers: Display: Shaders left to compile 8
[2018.08.27-18.23.25:229][567]LogShaderCompilers: Display: Shaders left to compile 7
[2018.08.27-18.23.25:248][568]LogShaderCompilers: Display: Shaders left to compile 6
[2018.08.27-18.23.25:435][577]LogShaderCompilers: Display: Shaders left to compile 5
[2018.08.27-18.23.25:534][581]LogShaderCompilers: Display: Shaders left to compile 4
[2018.08.27-18.23.25:715][590]LogShaderCompilers: Display: Shaders left to compile 3
[2018.08.27-18.23.25:795][594]LogShaderCompilers: Display: Shaders left to compile 2
[2018.08.27-18.23.25:854][597]LogShaderCompilers: Display: Shaders left to compile 1
[2018.08.27-18.23.26:159][616]MaterialEditorStats: Base pass shader: 99 instructions
[2018.08.27-18.23.26:160][616]MaterialEditorStats: Base pass shader with Volumetric Lightmap: 172 instructions
[2018.08.27-18.23.26:160][616]MaterialEditorStats: Vertex shader: 34 instructions
[2018.08.27-18.23.26:160][616]MaterialEditorStats: Texture samplers: 2/16
[2018.08.27-18.23.37:023][745]LogMaterial: Missing cached shader map for material WhiteBoxingAP, compiling. 
[2018.08.27-18.23.37:029][745]LogShaderCompilers: Display: Shaders left to compile 16
[2018.08.27-18.23.37:030][745]LogShaderCompilers: Display: Shaders left to compile 15
[2018.08.27-18.23.37:030][745]LogShaderCompilers: Display: Shaders left to compile 14
[2018.08.27-18.23.37:030][745]LogShaderCompilers: Display: Shaders left to compile 13
[2018.08.27-18.23.37:030][745]LogMaterial: Missing cached shader map for material FMatExpressionPreview MaterialExpressionConstant3Vector_0, compiling. 
[2018.08.27-18.23.37:225][754]LogShaderCompilers: Display: Shaders left to compile 14
[2018.08.27-18.23.37:244][755]LogShaderCompilers: Display: Shaders left to compile 13
[2018.08.27-18.23.37:245][755]LogShaderCompilers: Display: Shaders left to compile 12
[2018.08.27-18.23.37:259][756]LogShaderCompilers: Display: Shaders left to compile 11
[2018.08.27-18.23.37:384][764]LogShaderCompilers: Display: Shaders left to compile 10
[2018.08.27-18.23.37:403][765]LogShaderCompilers: Display: Shaders left to compile 9
[2018.08.27-18.23.37:420][766]LogShaderCompilers: Display: Shaders left to compile 8
[2018.08.27-18.23.37:579][774]LogShaderCompilers: Display: Shaders left to compile 7
[2018.08.27-18.23.37:614][776]LogShaderCompilers: Display: Shaders left to compile 6
[2018.08.27-18.23.37:767][784]LogShaderCompilers: Display: Shaders left to compile 5
[2018.08.27-18.23.37:767][784]LogShaderCompilers: Display: Shaders left to compile 4
[2018.08.27-18.23.37:819][787]LogShaderCompilers: Display: Shaders left to compile 3
[2018.08.27-18.23.37:952][794]LogShaderCompilers: Display: Shaders left to compile 2
[2018.08.27-18.23.38:030][798]LogShaderCompilers: Display: Shaders left to compile 1
[2018.08.27-18.23.38:125][803]MaterialEditorStats: Base pass shader: 99 instructions
[2018.08.27-18.23.38:125][803]MaterialEditorStats: Base pass shader with Volumetric Lightmap: 172 instructions
[2018.08.27-18.23.38:125][803]MaterialEditorStats: Vertex shader: 34 instructions
[2018.08.27-18.23.38:125][803]MaterialEditorStats: Texture samplers: 2/16
[2018.08.27-18.23.45:667][554]LogMaterial: Missing cached shader map for material WhiteBoxingAP, compiling. 
[2018.08.27-18.23.45:679][554]LogShaderCompilers: Display: Shaders left to compile 16
[2018.08.27-18.23.45:679][554]LogShaderCompilers: Display: Shaders left to compile 15
[2018.08.27-18.23.45:679][554]LogShaderCompilers: Display: Shaders left to compile 14
[2018.08.27-18.23.45:679][554]LogShaderCompilers: Display: Shaders left to compile 13
[2018.08.27-18.23.45:681][554]LogMaterial: Missing cached shader map for material FMatExpressionPreview MaterialExpressionConstant3Vector_0, compiling. 
[2018.08.27-18.23.45:863][563]LogShaderCompilers: Display: Shaders left to compile 14
[2018.08.27-18.23.45:894][565]LogShaderCompilers: Display: Shaders left to compile 13
[2018.08.27-18.23.45:907][566]LogShaderCompilers: Display: Shaders left to compile 12
[2018.08.27-18.23.45:907][566]LogShaderCompilers: Display: Shaders left to compile 11
[2018.08.27-18.23.46:021][573]LogShaderCompilers: Display: Shaders left to compile 10
[2018.08.27-18.23.46:043][574]LogShaderCompilers: Display: Shaders left to compile 9
[2018.08.27-18.23.46:064][575]LogShaderCompilers: Display: Shaders left to compile 8
[2018.08.27-18.23.46:231][583]LogShaderCompilers: Display: Shaders left to compile 7
[2018.08.27-18.23.46:231][583]LogShaderCompilers: Display: Shaders left to compile 6
[2018.08.27-18.23.46:371][591]LogShaderCompilers: Display: Shaders left to compile 5
[2018.08.27-18.23.46:396][592]LogShaderCompilers: Display: Shaders left to compile 4
[2018.08.27-18.23.46:430][594]LogShaderCompilers: Display: Shaders left to compile 3
[2018.08.27-18.23.46:584][602]LogShaderCompilers: Display: Shaders left to compile 2
[2018.08.27-18.23.46:651][606]LogShaderCompilers: Display: Shaders left to compile 1
[2018.08.27-18.23.46:751][611]MaterialEditorStats: Base pass shader: 99 instructions
[2018.08.27-18.23.46:751][611]MaterialEditorStats: Base pass shader with Volumetric Lightmap: 172 instructions
[2018.08.27-18.23.46:752][611]MaterialEditorStats: Vertex shader: 34 instructions
[2018.08.27-18.23.46:752][611]MaterialEditorStats: Texture samplers: 2/16
[2018.08.27-18.24.45:503][530]LogMaterialEditor: Saving and Compiling material WhiteBoxingAP
[2018.08.27-18.24.45:918][530]LogMaterial: Missing cached shader map for material WhiteBoxingAP, compiling. 
[2018.08.27-18.24.45:944][530]LogShaderCompilers: Display: Shaders left to compile 16
[2018.08.27-18.24.45:944][530]LogShaderCompilers: Display: Shaders left to compile 15
[2018.08.27-18.24.45:944][530]LogShaderCompilers: Display: Shaders left to compile 14
[2018.08.27-18.24.45:944][530]LogShaderCompilers: Display: Shaders left to compile 13
[2018.08.27-18.24.45:962][530]LogMaterial: Missing cached shader map for material WhiteBoxingAP, compiling. 
[2018.08.27-18.24.45:979][530]LogMaterial: Missing cached shader map for material WhiteBoxingAP, compiling. 
[2018.08.27-18.24.46:010][530]LogMaterial: Missing cached shader map for material FDebugViewModeMaterialProxy WhiteBoxingAP, compiling. 
[2018.08.27-18.24.47:189][530]LogShaderCompilers: Display: Shaders left to compile 35
[2018.08.27-18.24.47:189][530]LogShaderCompilers: Display: Shaders left to compile 34
[2018.08.27-18.24.47:189][530]LogShaderCompilers: Display: Shaders left to compile 33
[2018.08.27-18.24.47:189][530]LogShaderCompilers: Display: Shaders left to compile 32
[2018.08.27-18.24.47:189][530]LogShaderCompilers: Display: Shaders left to compile 31
[2018.08.27-18.24.47:189][530]LogShaderCompilers: Display: Shaders left to compile 30
[2018.08.27-18.24.47:189][530]LogShaderCompilers: Display: Shaders left to compile 29
[2018.08.27-18.24.47:189][530]LogShaderCompilers: Display: Shaders left to compile 28
[2018.08.27-18.24.47:189][530]LogShaderCompilers: Display: Shaders left to compile 27
[2018.08.27-18.24.47:189][530]LogShaderCompilers: Display: Shaders left to compile 26
[2018.08.27-18.24.47:190][530]LogShaderCompilers: Display: Shaders left to compile 25
[2018.08.27-18.24.47:190][530]LogShaderCompilers: Display: Shaders left to compile 24
[2018.08.27-18.24.47:190][530]LogShaderCompilers: Display: Shaders left to compile 23
[2018.08.27-18.24.47:190][530]LogShaderCompilers: Display: Shaders left to compile 22
[2018.08.27-18.24.47:190][530]LogShaderCompilers: Display: Shaders left to compile 12
[2018.08.27-18.24.47:190][530]LogShaderCompilers: Display: Shaders left to compile 2
[2018.08.27-18.24.47:191][530]TextureStreamingBuild: Display: Compiling optional shaders took 1.189 seconds.
[2018.08.27-18.24.48:857][530]Cmd: OBJ SAVEPACKAGE PACKAGE="/Game/Materials/WhiteBoxingAP" FILE="../../../../../../Users/u1213186/Documents/Unreal Projects/Day3InclassCityBlock/Content/Materials/WhiteBoxingAP.uasset" SILENT=true
[2018.08.27-18.24.48:871][530]LogSavePackage: Save=12.27ms
[2018.08.27-18.24.48:872][530]LogSavePackage: Moving '../../../../../../Users/u1213186/Documents/Unreal Projects/Day3InclassCityBlock/Saved/WhiteBoxingAP9DD4FB474EFF56CDED266AA79D094338.tmp' to '../../../../../../Users/u1213186/Documents/Unreal Projects/Day3InclassCityBlock/Content/Materials/WhiteBoxingAP.uasset'
[2018.08.27-18.24.48:874][530]LogSavePackage: Display: Finished SavePackage ../../../../../../Users/u1213186/Documents/Unreal Projects/Day3InclassCityBlock/Content/Materials/WhiteBoxingAP.uasset
[2018.08.27-18.24.48:898][530]MaterialEditorStats: Base pass shader: 99 instructions
[2018.08.27-18.24.48:898][530]MaterialEditorStats: Base pass shader with Volumetric Lightmap: 172 instructions
[2018.08.27-18.24.48:898][530]MaterialEditorStats: Vertex shader: 34 instructions
[2018.08.27-18.24.48:898][530]MaterialEditorStats: Texture samplers: 3/16
[2018.08.27-18.24.50:826][703]LogSavePackage: Save=76.81ms
[2018.08.27-18.24.50:826][703]LogSavePackage: Moving '../../../../../../Users/u1213186/Documents/Unreal Projects/Day3InclassCityBlock/Saved/ThirdPersonExampleMap2653A1764FBEC29E76DD56AFB97EE484.tmp' to '../../../../../../Users/u1213186/Documents/Unreal Projects/Day3InclassCityBlock/Content/ThirdPersonBP/Maps/ThirdPersonExampleMap.umap'
[2018.08.27-18.24.50:831][703]LogSavePackage: Display: Finished SavePackage ../../../../../../Users/u1213186/Documents/Unreal Projects/Day3InclassCityBlock/Content/ThirdPersonBP/Maps/ThirdPersonExampleMap.umap
[2018.08.27-18.24.51:007][703]LogSavePackage: Save=152.70ms
[2018.08.27-18.24.51:007][703]LogSavePackage: Moving '../../../../../../Users/u1213186/Documents/Unreal Projects/Day3InclassCityBlock/Saved/ThirdPersonExampleMap_BuiltDataA14C291944078B417A414C8ECE623A9E.tmp' to '../../../../../../Users/u1213186/Documents/Unreal Projects/Day3InclassCityBlock/Content/ThirdPersonBP/Maps/ThirdPersonExampleMap_BuiltData.uasset'
[2018.08.27-18.24.51:008][703]LogSavePackage: Display: Finished SavePackage ../../../../../../Users/u1213186/Documents/Unreal Projects/Day3InclassCityBlock/Content/ThirdPersonBP/Maps/ThirdPersonExampleMap_BuiltData.uasset
[2018.08.27-18.28.19:159][760]LogMaterial: Missing cached shader map for material WhiteBoxingAP, compiling. 
[2018.08.27-18.28.19:169][760]LogMaterial: Missing cached shader map for material FMatExpressionPreview MaterialExpressionConstant3Vector_0, compiling. 
[2018.08.27-18.28.19:182][760]LogShaderCompilers: Display: Shaders left to compile 18
[2018.08.27-18.28.19:182][760]LogShaderCompilers: Display: Shaders left to compile 17
[2018.08.27-18.28.19:182][760]LogShaderCompilers: Display: Shaders left to compile 16
[2018.08.27-18.28.19:182][760]LogShaderCompilers: Display: Shaders left to compile 15
[2018.08.27-18.28.19:731][798]LogShaderCompilers: Display: Shaders left to compile 14
[2018.08.27-18.28.19:732][798]LogShaderCompilers: Display: Shaders left to compile 13
[2018.08.27-18.28.19:744][799]LogShaderCompilers: Display: Shaders left to compile 12
[2018.08.27-18.28.19:744][799]LogShaderCompilers: Display: Shaders left to compile 11
[2018.08.27-18.28.19:914][809]LogShaderCompilers: Display: Shaders left to compile 10
[2018.08.27-18.28.19:914][809]LogShaderCompilers: Display: Shaders left to compile 9
[2018.08.27-18.28.19:914][809]LogShaderCompilers: Display: Shaders left to compile 8
[2018.08.27-18.28.20:088][819]LogShaderCompilers: Display: Shaders left to compile 7
[2018.08.27-18.28.20:145][822]LogShaderCompilers: Display: Shaders left to compile 6
[2018.08.27-18.28.20:285][829]LogShaderCompilers: Display: Shaders left to compile 5
[2018.08.27-18.28.20:306][830]LogShaderCompilers: Display: Shaders left to compile 4
[2018.08.27-18.28.20:352][833]LogShaderCompilers: Display: Shaders left to compile 3
[2018.08.27-18.28.20:451][839]LogShaderCompilers: Display: Shaders left to compile 2
[2018.08.27-18.28.20:569][845]LogShaderCompilers: Display: Shaders left to compile 1
[2018.08.27-18.28.20:659][850]MaterialEditorStats: Base pass shader: 99 instructions
[2018.08.27-18.28.20:659][850]MaterialEditorStats: Base pass shader with Volumetric Lightmap: 172 instructions
[2018.08.27-18.28.20:659][850]MaterialEditorStats: Vertex shader: 34 instructions
[2018.08.27-18.28.20:659][850]MaterialEditorStats: Texture samplers: 2/16
[2018.08.27-18.28.22:073][989]LogMaterial: Missing cached shader map for material WhiteBoxingAP, compiling. 
[2018.08.27-18.28.22:086][989]LogShaderCompilers: Display: Shaders left to compile 16
[2018.08.27-18.28.22:086][989]LogShaderCompilers: Display: Shaders left to compile 15
[2018.08.27-18.28.22:086][989]LogShaderCompilers: Display: Shaders left to compile 14
[2018.08.27-18.28.22:086][989]LogShaderCompilers: Display: Shaders left to compile 13
[2018.08.27-18.28.22:086][989]LogMaterial: Missing cached shader map for material FMatExpressionPreview MaterialExpressionConstant3Vector_0, compiling. 
[2018.08.27-18.28.22:292][999]LogShaderCompilers: Display: Shaders left to compile 14
[2018.08.27-18.28.22:292][999]LogShaderCompilers: Display: Shaders left to compile 13
[2018.08.27-18.28.22:310][  0]LogShaderCompilers: Display: Shaders left to compile 12
[2018.08.27-18.28.22:323][  1]LogShaderCompilers: Display: Shaders left to compile 11
[2018.08.27-18.28.22:444][  7]LogShaderCompilers: Display: Shaders left to compile 10
[2018.08.27-18.28.22:463][  8]LogShaderCompilers: Display: Shaders left to compile 9
[2018.08.27-18.28.22:463][  8]LogShaderCompilers: Display: Shaders left to compile 8
[2018.08.27-18.28.22:628][ 17]LogShaderCompilers: Display: Shaders left to compile 7
[2018.08.27-18.28.22:649][ 18]LogShaderCompilers: Display: Shaders left to compile 6
[2018.08.27-18.28.22:818][ 27]LogShaderCompilers: Display: Shaders left to compile 5
[2018.08.27-18.28.22:839][ 28]LogShaderCompilers: Display: Shaders left to compile 4
[2018.08.27-18.28.22:854][ 29]LogShaderCompilers: Display: Shaders left to compile 3
[2018.08.27-18.28.23:002][ 37]LogShaderCompilers: Display: Shaders left to compile 2
[2018.08.27-18.28.23:058][ 40]LogShaderCompilers: Display: Shaders left to compile 1
[2018.08.27-18.28.23:186][ 48]MaterialEditorStats: Base pass shader: 99 instructions
[2018.08.27-18.28.23:186][ 48]MaterialEditorStats: Base pass shader with Volumetric Lightmap: 172 instructions
[2018.08.27-18.28.23:186][ 48]MaterialEditorStats: Vertex shader: 34 instructions
[2018.08.27-18.28.23:186][ 48]MaterialEditorStats: Texture samplers: 2/16
[2018.08.27-18.28.23:973][124]LogMaterial: Missing cached shader map for material WhiteBoxingAP, compiling. 
[2018.08.27-18.28.23:981][124]LogShaderCompilers: Display: Shaders left to compile 16
[2018.08.27-18.28.23:981][124]LogShaderCompilers: Display: Shaders left to compile 15
[2018.08.27-18.28.23:981][124]LogShaderCompilers: Display: Shaders left to compile 14
[2018.08.27-18.28.23:981][124]LogShaderCompilers: Display: Shaders left to compile 13
[2018.08.27-18.28.23:983][124]LogMaterial: Missing cached shader map for material FMatExpressionPreview MaterialExpressionConstant3Vector_0, compiling. 
[2018.08.27-18.28.24:178][134]LogShaderCompilers: Display: Shaders left to compile 14
[2018.08.27-18.28.24:196][135]LogShaderCompilers: Display: Shaders left to compile 13
[2018.08.27-18.28.24:196][135]LogShaderCompilers: Display: Shaders left to compile 12
[2018.08.27-18.28.24:209][136]LogShaderCompilers: Display: Shaders left to compile 11
[2018.08.27-18.28.24:323][143]LogShaderCompilers: Display: Shaders left to compile 10
[2018.08.27-18.28.24:361][145]LogShaderCompilers: Display: Shaders left to compile 9
[2018.08.27-18.28.24:361][145]LogShaderCompilers: Display: Shaders left to compile 8
[2018.08.27-18.28.24:521][153]LogShaderCompilers: Display: Shaders left to compile 7
[2018.08.27-18.28.24:561][155]LogShaderCompilers: Display: Shaders left to compile 6
[2018.08.27-18.28.24:680][161]LogShaderCompilers: Display: Shaders left to compile 5
[2018.08.27-18.28.24:717][163]LogShaderCompilers: Display: Shaders left to compile 4
[2018.08.27-18.28.24:766][166]LogShaderCompilers: Display: Shaders left to compile 3
[2018.08.27-18.28.24:897][173]LogShaderCompilers: Display: Shaders left to compile 2
[2018.08.27-18.28.24:939][175]LogShaderCompilers: Display: Shaders left to compile 1
[2018.08.27-18.28.25:052][182]MaterialEditorStats: Base pass shader: 99 instructions
[2018.08.27-18.28.25:052][182]MaterialEditorStats: Base pass shader with Volumetric Lightmap: 172 instructions
[2018.08.27-18.28.25:052][182]MaterialEditorStats: Vertex shader: 34 instructions
[2018.08.27-18.28.25:052][182]MaterialEditorStats: Texture samplers: 2/16
[2018.08.27-18.28.37:985][466]LogMaterial: Missing cached shader map for material WhiteBoxingAP, compiling. 
[2018.08.27-18.28.37:994][466]LogShaderCompilers: Display: Shaders left to compile 16
[2018.08.27-18.28.37:994][466]LogShaderCompilers: Display: Shaders left to compile 15
[2018.08.27-18.28.37:994][466]LogShaderCompilers: Display: Shaders left to compile 14
[2018.08.27-18.28.37:994][466]LogShaderCompilers: Display: Shaders left to compile 13
[2018.08.27-18.28.37:994][466]LogMaterial: Missing cached shader map for material FMatExpressionPreview MaterialExpressionConstant3Vector_0, compiling. 
[2018.08.27-18.28.38:020][466]LogSlate: Window 'Color Picker' being destroyed
[2018.08.27-18.28.38:211][477]LogShaderCompilers: Display: Shaders left to compile 14
[2018.08.27-18.28.38:228][478]LogShaderCompilers: Display: Shaders left to compile 13
[2018.08.27-18.28.38:228][478]LogShaderCompilers: Display: Shaders left to compile 12
[2018.08.27-18.28.38:228][478]LogShaderCompilers: Display: Shaders left to compile 11
[2018.08.27-18.28.38:374][487]LogShaderCompilers: Display: Shaders left to compile 10
[2018.08.27-18.28.38:398][488]LogShaderCompilers: Display: Shaders left to compile 9
[2018.08.27-18.28.38:414][489]LogShaderCompilers: Display: Shaders left to compile 8
[2018.08.27-18.28.38:559][497]LogShaderCompilers: Display: Shaders left to compile 7
[2018.08.27-18.28.38:606][499]LogShaderCompilers: Display: Shaders left to compile 6
[2018.08.27-18.28.38:735][506]LogShaderCompilers: Display: Shaders left to compile 5
[2018.08.27-18.28.38:762][507]LogShaderCompilers: Display: Shaders left to compile 4
[2018.08.27-18.28.38:828][511]LogShaderCompilers: Display: Shaders left to compile 3
[2018.08.27-18.28.38:927][516]LogShaderCompilers: Display: Shaders left to compile 2
[2018.08.27-18.28.39:035][522]LogShaderCompilers: Display: Shaders left to compile 1
[2018.08.27-18.28.39:127][527]MaterialEditorStats: Base pass shader: 99 instructions
[2018.08.27-18.28.39:127][527]MaterialEditorStats: Base pass shader with Volumetric Lightmap: 172 instructions
[2018.08.27-18.28.39:127][527]MaterialEditorStats: Vertex shader: 34 instructions
[2018.08.27-18.28.39:127][527]MaterialEditorStats: Texture samplers: 2/16
[2018.08.27-18.28.41:938][835]LogMaterial: Missing cached shader map for material WhiteBoxingAP, compiling. 
[2018.08.27-18.28.41:946][835]LogMaterial: Missing cached shader map for material FMatExpressionPreview MaterialExpressionConstant3Vector_0, compiling. 
[2018.08.27-18.28.41:959][835]LogShaderCompilers: Display: Shaders left to compile 16
[2018.08.27-18.28.41:959][835]LogShaderCompilers: Display: Shaders left to compile 15
[2018.08.27-18.28.41:959][835]LogShaderCompilers: Display: Shaders left to compile 14
[2018.08.27-18.28.41:959][835]LogShaderCompilers: Display: Shaders left to compile 13
[2018.08.27-18.28.42:135][845]LogShaderCompilers: Display: Shaders left to compile 14
[2018.08.27-18.28.42:156][845]LogShaderCompilers: Display: Shaders left to compile 13
[2018.08.27-18.28.42:161][846]LogShaderCompilers: Display: Shaders left to compile 12
[2018.08.27-18.28.42:174][847]LogShaderCompilers: Display: Shaders left to compile 11
[2018.08.27-18.28.42:291][854]LogShaderCompilers: Display: Shaders left to compile 10
[2018.08.27-18.28.42:332][856]LogShaderCompilers: Display: Shaders left to compile 9
[2018.08.27-18.28.42:351][857]LogShaderCompilers: Display: Shaders left to compile 8
[2018.08.27-18.28.42:532][866]LogShaderCompilers: Display: Shaders left to compile 7
[2018.08.27-18.28.42:532][866]LogShaderCompilers: Display: Shaders left to compile 6
[2018.08.27-18.28.42:676][874]LogShaderCompilers: Display: Shaders left to compile 5
[2018.08.27-18.28.42:733][877]LogShaderCompilers: Display: Shaders left to compile 4
[2018.08.27-18.28.42:751][878]LogShaderCompilers: Display: Shaders left to compile 3
[2018.08.27-18.28.42:909][886]LogShaderCompilers: Display: Shaders left to compile 2
[2018.08.27-18.28.42:956][889]LogShaderCompilers: Display: Shaders left to compile 1
[2018.08.27-18.28.43:068][896]MaterialEditorStats: Base pass shader: 100 instructions
[2018.08.27-18.28.43:068][896]MaterialEditorStats: Base pass shader with Volumetric Lightmap: 173 instructions
[2018.08.27-18.28.43:068][896]MaterialEditorStats: Vertex shader: 34 instructions
[2018.08.27-18.28.43:068][896]MaterialEditorStats: Texture samplers: 2/16
[2018.08.27-18.30.07:738][788]LogMaterialEditor: Applying material WhiteBoxingAP
[2018.08.27-18.30.08:164][788]LogMaterial: Missing cached shader map for material WhiteBoxingAP, compiling. 
[2018.08.27-18.30.08:194][788]LogShaderCompilers: Display: Shaders left to compile 16
[2018.08.27-18.30.08:195][788]LogShaderCompilers: Display: Shaders left to compile 15
[2018.08.27-18.30.08:195][788]LogShaderCompilers: Display: Shaders left to compile 14
[2018.08.27-18.30.08:195][788]LogShaderCompilers: Display: Shaders left to compile 13
[2018.08.27-18.30.08:208][788]LogMaterial: Missing cached shader map for material WhiteBoxingAP, compiling. 
[2018.08.27-18.30.08:220][788]LogMaterial: Missing cached shader map for material WhiteBoxingAP, compiling. 
[2018.08.27-18.30.08:250][788]LogMaterial: Missing cached shader map for material FDebugViewModeMaterialProxy WhiteBoxingAP, compiling. 
[2018.08.27-18.30.09:418][788]LogShaderCompilers: Display: Shaders left to compile 35
[2018.08.27-18.30.09:418][788]LogShaderCompilers: Display: Shaders left to compile 34
[2018.08.27-18.30.09:418][788]LogShaderCompilers: Display: Shaders left to compile 33
[2018.08.27-18.30.09:418][788]LogShaderCompilers: Display: Shaders left to compile 32
[2018.08.27-18.30.09:418][788]LogShaderCompilers: Display: Shaders left to compile 31
[2018.08.27-18.30.09:418][788]LogShaderCompilers: Display: Shaders left to compile 30
[2018.08.27-18.30.09:418][788]LogShaderCompilers: Display: Shaders left to compile 29
[2018.08.27-18.30.09:418][788]LogShaderCompilers: Display: Shaders left to compile 28
[2018.08.27-18.30.09:418][788]LogShaderCompilers: Display: Shaders left to compile 27
[2018.08.27-18.30.09:418][788]LogShaderCompilers: Display: Shaders left to compile 26
[2018.08.27-18.30.09:418][788]LogShaderCompilers: Display: Shaders left to compile 25
[2018.08.27-18.30.09:418][788]LogShaderCompilers: Display: Shaders left to compile 24
[2018.08.27-18.30.09:418][788]LogShaderCompilers: Display: Shaders left to compile 23
[2018.08.27-18.30.09:418][788]LogShaderCompilers: Display: Shaders left to compile 22
[2018.08.27-18.30.09:418][788]LogShaderCompilers: Display: Shaders left to compile 12
[2018.08.27-18.30.09:418][788]LogShaderCompilers: Display: Shaders left to compile 2
[2018.08.27-18.30.09:420][788]TextureStreamingBuild: Display: Compiling optional shaders took 1.175 seconds.
[2018.08.27-18.30.10:211][841]LogMaterialEditor: Saving and Compiling material WhiteBoxingAP
[2018.08.27-18.30.11:308][841]Cmd: OBJ SAVEPACKAGE PACKAGE="/Game/Materials/WhiteBoxingAP" FILE="../../../../../../Users/u1213186/Documents/Unreal Projects/Day3InclassCityBlock/Content/Materials/WhiteBoxingAP.uasset" SILENT=true
[2018.08.27-18.30.11:327][841]LogSavePackage: Save=12.19ms
[2018.08.27-18.30.11:327][841]LogSavePackage: Moving '../../../../../../Users/u1213186/Documents/Unreal Projects/Day3InclassCityBlock/Saved/WhiteBoxingAP099D54F9430B7A17EA13EA905271C196.tmp' to '../../../../../../Users/u1213186/Documents/Unreal Projects/Day3InclassCityBlock/Content/Materials/WhiteBoxingAP.uasset'
[2018.08.27-18.30.11:330][841]LogSavePackage: Display: Finished SavePackage ../../../../../../Users/u1213186/Documents/Unreal Projects/Day3InclassCityBlock/Content/Materials/WhiteBoxingAP.uasset
[2018.08.27-18.30.11:338][841]MaterialEditorStats: Base pass shader: 100 instructions
[2018.08.27-18.30.11:338][841]MaterialEditorStats: Base pass shader with Volumetric Lightmap: 173 instructions
[2018.08.27-18.30.11:338][841]MaterialEditorStats: Vertex shader: 34 instructions
[2018.08.27-18.30.11:338][841]MaterialEditorStats: Texture samplers: 3/16
[2018.08.27-18.30.14:381][148]LogSlate: Window 'WhiteBoxingAP' being destroyed
[2018.08.27-18.30.14:385][148]LogSlate: Window 'WhiteBoxingAP' being destroyed
[2018.08.27-18.30.28:628][788]Cmd: TRANSACTION UNDO
[2018.08.27-18.30.28:628][788]LogEditorTransaction: Undo Create Actors
[2018.08.27-18.30.28:629][788]LogPhysics: Warning: Found bad index buffer when cooking UModelComponent physics data! Component: /Game/ThirdPersonBP/Maps/ThirdPersonExampleMap.ThirdPersonExampleMap:PersistentLevel.ModelComponent_51, Buffer: 0, Buffer Size: 0, Element: 0
[2018.08.27-18.30.28:629][788]LogPhysics: Warning: Found bad index buffer when cooking UModelComponent physics data! Component: /Game/ThirdPersonBP/Maps/ThirdPersonExampleMap.ThirdPersonExampleMap:PersistentLevel.ModelComponent_51, Buffer: 0, Buffer Size: 0, Element: 1
[2018.08.27-18.30.28:629][788]LogPhysics: Warning: Found bad index buffer when cooking UModelComponent physics data! Component: /Game/ThirdPersonBP/Maps/ThirdPersonExampleMap.ThirdPersonExampleMap:PersistentLevel.ModelComponent_51, Buffer: 0, Buffer Size: 0, Element: 2
[2018.08.27-18.30.28:629][788]LogPhysics: Warning: UBodySetup::GetCookInfo: Triangle data from '/Game/ThirdPersonBP/Maps/ThirdPersonExampleMap.ThirdPersonExampleMap:PersistentLevel.ModelComponent_51' invalid (24 verts, 0 indices).
[2018.08.27-18.30.28:629][788]LogPhysics: Warning: Attempt to build physics data for /Game/ThirdPersonBP/Maps/ThirdPersonExampleMap.ThirdPersonExampleMap:PersistentLevel.ModelComponent_51.BodySetup_52 when we are unable to.
[2018.08.27-18.30.28:643][788]Cmd: EDIT CUT
[2018.08.27-18.30.28:647][788]LogEditorActor: Deleted Actor: Brush
[2018.08.27-18.30.28:657][788]LogEditorActor: Deleted 1 Actors (0.011 secs)
[2018.08.27-18.30.29:951][942]Cmd: TRANSACTION UNDO
[2018.08.27-18.30.29:951][942]LogEditorTransaction: Undo Cut
[2018.08.27-18.30.43:282][523]LogSlate: FSceneViewport::OnFocusLost() reason 0
[2018.08.27-18.30.45:926][809]LogSlate: FSceneViewport::OnFocusLost() reason 0
[2018.08.27-18.30.52:296][563]LogEditorViewport: Clicking on Actor (context menu): BP_Sky_Sphere_C (SkySphereBlueprint)
[2018.08.27-18.30.52:327][563]LogSlate: FSceneViewport::OnFocusLost() reason 2
[2018.08.27-18.30.55:295][898]LogSlate: FSceneViewport::OnFocusLost() reason 0
[2018.08.27-18.31.00:870][546]LogSlate: FSceneViewport::OnFocusLost() reason 0
[2018.08.27-18.31.06:286][181]LogSlate: FSceneViewport::OnFocusLost() reason 0
[2018.08.27-18.31.13:734][ 54]LogSlate: FSceneViewport::OnFocusLost() reason 0
[2018.08.27-18.31.19:351][716]LogSlate: FSceneViewport::OnFocusLost() reason 2
[2018.08.27-18.31.23:341][192]LogEditorViewport: Clicking on Actor (LMB): Brush (StreetSquareBlock 001)
[2018.08.27-18.31.24:149][285]LogEditorViewport: Clicking on Actor (context menu): Brush (StreetSquareBlock 001)
[2018.08.27-18.31.24:175][285]LogSlate: FSceneViewport::OnFocusLost() reason 2
[2018.08.27-18.31.25:226][405]LogEditorViewport: Clicking on Actor (LMB): Brush (StreetSquareBlock 001)
[2018.08.27-18.31.34:672][534]LogSlate: FSceneViewport::OnFocusLost() reason 0
[2018.08.27-18.31.52:460][664]LogSlate: FSceneViewport::OnFocusLost() reason 2
[2018.08.27-18.32.20:982][ 71]LogSlate: FSceneViewport::OnFocusLost() reason 2
[2018.08.27-18.32.25:381][598]Cmd: POLY SELECT ADJACENT ALL
[2018.08.27-18.33.31:058][458]LogEditorViewport: Clicking on Actor (LMB): Brush (StreetSquareBlock 001)
[2018.08.27-18.34.11:285][263]LogSlate: FSceneViewport::OnFocusLost() reason 0
[2018.08.27-18.34.39:889][679]LogSlate: FSceneViewport::OnFocusLost() reason 0
[2018.08.27-18.35.21:544][654]LogSlate: FSceneViewport::OnFocusLost() reason 2
[2018.08.27-18.35.21:666][654]LogSavePackage: Save=75.50ms
[2018.08.27-18.35.21:666][654]LogSavePackage: Moving '../../../../../../Users/u1213186/Documents/Unreal Projects/Day3InclassCityBlock/Saved/ThirdPersonExampleMap_Auto2531C3C184EE956314ADCDEBF7DF36F4C.tmp' to '../../../../../../Users/u1213186/Documents/Unreal Projects/Day3InclassCityBlock/Saved/Autosaves/Game/ThirdPersonBP/Maps/ThirdPersonExampleMap_Auto2.umap'
[2018.08.27-18.35.21:667][654]LogSavePackage: Display: Finished SavePackage ../../../../../../Users/u1213186/Documents/Unreal Projects/Day3InclassCityBlock/Saved/Autosaves/Game/ThirdPersonBP/Maps/ThirdPersonExampleMap_Auto2.umap
[2018.08.27-18.35.21:671][654]LogFileHelpers: Editor autosave (incl. sublevels) for '/Game/ThirdPersonBP/Maps/ThirdPersonExampleMap' took 0.106
[2018.08.27-18.35.21:671][654]LogFileHelpers: Editor autosave (incl. sublevels) for all levels took 0.106
[2018.08.27-18.35.53:841][503]LogSlate: FSceneViewport::OnFocusLost() reason 0
[2018.08.27-18.36.26:237][363]LogSlate: FSceneViewport::OnFocusLost() reason 0
[2018.08.27-18.36.49:178][ 90]LogSlate: FSceneViewport::OnFocusLost() reason 2
[2018.08.27-18.40.21:847][567]LogEditorViewport: Clicking on Actor (LMB): BP_Sky_Sphere_C (SkySphereBlueprint)
[2018.08.27-18.40.23:309][738]LogSlate: FSceneViewport::OnFocusLost() reason 0
[2018.08.27-18.42.14:533][ 68]LogSlate: FSceneViewport::OnFocusLost() reason 2
[2018.08.27-18.42.40:570][169]LogSlate: FSceneViewport::OnFocusLost() reason 0
[2018.08.27-18.42.57:894][236]Cmd: CAMERA ALIGN ACTIVEVIEWPORTONLY
[2018.08.27-18.43.06:755][297]LogSlate: FSceneViewport::OnFocusLost() reason 0
[2018.08.27-18.43.10:794][768]Cmd: BRUSH ADD SELECTNEWBRUSH
[2018.08.27-18.43.19:884][853]LogSlate: FSceneViewport::OnFocusLost() reason 2
[2018.08.27-18.44.25:539][728]LogSlate: FSceneViewport::OnFocusLost() reason 0
[2018.08.27-18.44.59:219][766]LogEditorViewport: Clicking on Actor (LMB): BP_Sky_Sphere_C (SkySphereBlueprint)
[2018.08.27-18.45.02:065][103]LogSlate: FSceneViewport::OnFocusLost() reason 0
[2018.08.27-18.45.03:495][272]LogEditorActor: Deleted Actor: Brush
[2018.08.27-18.45.03:508][272]LogEditorActor: Deleted 1 Actors (0.016 secs)
[2018.08.27-18.45.10:240][ 69]Cmd: TRANSACTION UNDO
[2018.08.27-18.45.10:240][ 69]LogEditorTransaction: Undo Select Brush Surface
[2018.08.27-18.45.10:650][107]Cmd: TRANSACTION UNDO
[2018.08.27-18.45.10:650][107]LogEditorTransaction: Undo Select Brush Surface
[2018.08.27-18.45.11:118][161]Cmd: TRANSACTION UNDO
[2018.08.27-18.45.11:118][161]LogEditorTransaction: Undo Delete selection
[2018.08.27-18.45.13:075][391]Cmd: TRANSACTION UNDO
[2018.08.27-18.45.13:075][391]LogEditorTransaction: Undo Clicking on Actors
[2018.08.27-18.45.13:675][459]Cmd: TRANSACTION UNDO
[2018.08.27-18.45.13:675][459]LogEditorTransaction: Undo Clicking on Actors
[2018.08.27-18.45.17:476][912]Cmd: TRANSACTION UNDO
[2018.08.27-18.45.17:476][912]LogEditorTransaction: Undo Edit Sides
[2018.08.27-18.45.17:882][949]Cmd: TRANSACTION UNDO
[2018.08.27-18.45.17:882][949]LogEditorTransaction: Undo Edit Brush Type
[2018.08.27-18.45.18:314][995]Cmd: TRANSACTION UNDO
[2018.08.27-18.45.18:314][995]LogEditorTransaction: Undo Brush Add
[2018.08.27-18.45.18:720][ 41]Cmd: TRANSACTION UNDO
[2018.08.27-18.45.18:720][ 41]LogEditorTransaction: Undo Select Brush Surface
[2018.08.27-18.45.19:115][ 85]Cmd: TRANSACTION UNDO
[2018.08.27-18.45.19:115][ 85]LogEditorTransaction: Undo Edit Y
[2018.08.27-18.45.19:458][123]Cmd: TRANSACTION UNDO
[2018.08.27-18.45.19:458][123]LogEditorTransaction: Undo Edit Z
[2018.08.27-18.45.19:816][163]Cmd: TRANSACTION UNDO
[2018.08.27-18.45.19:816][163]LogEditorTransaction: Undo Edit Y
[2018.08.27-18.45.20:175][203]Cmd: TRANSACTION UNDO
[2018.08.27-18.45.20:175][203]LogEditorTransaction: Undo Edit X
[2018.08.27-18.45.20:540][243]Cmd: TRANSACTION UNDO
[2018.08.27-18.45.20:540][243]LogEditorTransaction: Undo Select Brush Surface
[2018.08.27-18.45.20:896][283]Cmd: TRANSACTION UNDO
[2018.08.27-18.45.20:897][283]LogEditorTransaction: Undo Move Actors
[2018.08.27-18.45.27:046][ 13]Cmd: TRANSACTION UNDO
[2018.08.27-18.45.27:046][ 13]LogEditorTransaction: Undo Move Actors
[2018.08.27-18.45.30:338][385]Cmd: TRANSACTION UNDO
[2018.08.27-18.45.30:338][385]LogEditorTransaction: Undo Move Actors
[2018.08.27-18.45.30:340][385]LogActorComponent: ~FComponentReregisterContext: (/Game/ThirdPersonBP/Maps/ThirdPersonExampleMap.ThirdPersonExampleMap:PersistentLevel.StreetRectBlock2.BrushComponent0) Component already registered.
[2018.08.27-18.45.34:029][808]Cmd: TRANSACTION UNDO
[2018.08.27-18.45.34:029][808]LogEditorTransaction: Undo Move Actors
[2018.08.27-18.45.38:957][375]Cmd: CAMERA ALIGN ACTIVEVIEWPORTONLY
[2018.08.27-18.45.42:507][800]LogSlate: FSceneViewport::OnFocusLost() reason 0
[2018.08.27-18.46.13:739][512]LogSavePackage: Save=105.66ms
[2018.08.27-18.46.13:739][512]LogSavePackage: Moving '../../../../../../Users/u1213186/Documents/Unreal Projects/Day3InclassCityBlock/Saved/ThirdPersonExampleMap_Auto38588E5E04DFBBAD3E928A284D6BBDE89.tmp' to '../../../../../../Users/u1213186/Documents/Unreal Projects/Day3InclassCityBlock/Saved/Autosaves/Game/ThirdPersonBP/Maps/ThirdPersonExampleMap_Auto3.umap'
[2018.08.27-18.46.13:741][512]LogSavePackage: Display: Finished SavePackage ../../../../../../Users/u1213186/Documents/Unreal Projects/Day3InclassCityBlock/Saved/Autosaves/Game/ThirdPersonBP/Maps/ThirdPersonExampleMap_Auto3.umap
[2018.08.27-18.46.13:746][512]LogFileHelpers: Editor autosave (incl. sublevels) for '/Game/ThirdPersonBP/Maps/ThirdPersonExampleMap' took 0.136
[2018.08.27-18.46.13:746][512]LogFileHelpers: Editor autosave (incl. sublevels) for all levels took 0.136
[2018.08.27-18.46.25:081][867]LogEditorViewport: Clicking on Actor (LMB): Brush (StreetSquareBlock 2)
[2018.08.27-18.47.25:714][130]LogSlate: FSceneViewport::OnFocusLost() reason 0
[2018.08.27-18.47.26:546][226]Cmd: BRUSH ADD SELECTNEWBRUSH
[2018.08.27-18.47.30:326][674]Cmd: CAMERA ALIGN ACTIVEVIEWPORTONLY
[2018.08.27-18.47.38:157][609]LogSlate: FSceneViewport::OnFocusLost() reason 2
[2018.08.27-18.48.03:314][623]LogSlate: FSceneViewport::OnFocusLost() reason 0
[2018.08.27-18.49.13:404][ 16]LogSlate: FSceneViewport::OnFocusLost() reason 0
[2018.08.27-18.50.26:180][615]LogEditorViewport: Clicking Background
[2018.08.27-18.51.06:203][320]LogSlate: FSceneViewport::OnFocusLost() reason 0
[2018.08.27-18.51.37:592][971]LogEditorViewport: Clicking Background
[2018.08.27-18.51.43:889][699]LogSlate: FSceneViewport::OnFocusLost() reason 0
[2018.08.27-18.52.24:563][473]LogSlate: FSceneViewport::OnFocusLost() reason 0
[2018.08.27-18.52.28:038][887]Cmd: CAMERA ALIGN ACTIVEVIEWPORTONLY
[2018.08.27-18.53.12:274][177]LogEditorViewport: Clicking on Actor (LMB): BP_Sky_Sphere_C (SkySphereBlueprint)
[2018.08.27-18.53.12:946][252]LogSlate: FSceneViewport::OnFocusLost() reason 2
[2018.08.27-18.53.18:220][881]LogSlate: FSceneViewport::OnFocusLost() reason 0
[2018.08.27-18.53.28:240][ 75]LogSlate: FSceneViewport::OnFocusLost() reason 0
[2018.08.27-18.53.39:038][363]LogSlate: FSceneViewport::OnFocusLost() reason 0
[2018.08.27-18.53.58:179][648]LogEditorViewport: Clicking Background
[2018.08.27-18.53.58:721][711]LogSlate: FSceneViewport::OnFocusLost() reason 2
[2018.08.27-18.54.13:571][481]Cmd: TRANSACTION UNDO
[2018.08.27-18.54.13:571][481]LogEditorTransaction: Undo Move Actors
[2018.08.27-18.54.16:212][777]LogSlate: FSceneViewport::OnFocusLost() reason 0
[2018.08.27-18.54.21:841][442]Cmd: TRANSACTION UNDO
[2018.08.27-18.54.21:841][442]LogEditorTransaction: Undo Move Actors
[2018.08.27-18.54.43:001][961]Cmd: CAMERA ALIGN ACTIVEVIEWPORTONLY
[2018.08.27-18.54.56:849][611]Cmd: DELETE
[2018.08.27-18.54.56:849][611]Cmd: ACTOR DELETE
[2018.08.27-18.54.56:853][611]LogEditorActor: Deleted Actor: Brush
[2018.08.27-18.54.56:866][611]LogEditorActor: Deleted 1 Actors (0.016 secs)
[2018.08.27-18.55.17:898][127]LogSlate: FSceneViewport::OnFocusLost() reason 2
[2018.08.27-18.55.19:408][304]LogSlate: FSceneViewport::OnFocusLost() reason 2
[2018.08.27-18.55.20:763][304]LogSavePackage: Save=140.29ms
[2018.08.27-18.55.20:763][304]LogSavePackage: Moving '../../../../../../Users/u1213186/Documents/Unreal Projects/Day3InclassCityBlock/Saved/ThirdPersonExampleMap402E27004253780AE6CD378F1F48BEC8.tmp' to '../../../../../../Users/u1213186/Documents/Unreal Projects/Day3InclassCityBlock/Content/ThirdPersonBP/Maps/ThirdPersonExampleMap.umap'
[2018.08.27-18.55.20:768][304]LogSavePackage: Display: Finished SavePackage ../../../../../../Users/u1213186/Documents/Unreal Projects/Day3InclassCityBlock/Content/ThirdPersonBP/Maps/ThirdPersonExampleMap.umap
[2018.08.27-18.55.20:782][304]LogFileHelpers: Saving map 'ThirdPersonExampleMap' took 1.368
[2018.08.27-18.55.39:185][484]LogSlate: FSceneViewport::OnFocusLost() reason 0
[2018.08.27-18.56.37:683][488]Cmd: TRANSACTION UNDO
[2018.08.27-18.56.37:683][488]LogEditorTransaction: Undo Move Actors
[2018.08.27-18.56.45:079][347]LogSlate: FSceneViewport::OnFocusLost() reason 0
[2018.08.27-18.56.56:083][659]LogSlate: FSceneViewport::OnFocusLost() reason 0
[2018.08.27-18.57.05:898][828]LogSlate: FSceneViewport::OnFocusLost() reason 2
[2018.08.27-18.57.13:940][790]LogEditorViewport: Clicking Background
[2018.08.27-18.57.15:157][935]LogEditorViewport: Clicking Background
[2018.08.27-18.57.16:410][ 83]LogSlate: FSceneViewport::OnFocusLost() reason 2
[2018.08.27-18.57.17:177][175]LogEditorViewport: Clicking Background
[2018.08.27-18.57.18:132][289]LogEditorViewport: Clicking Background
[2018.08.27-18.57.20:052][519]LogSlate: FSceneViewport::OnFocusLost() reason 0
[2018.08.27-18.58.11:422][660]Cmd: EDIT COPY
[2018.08.27-18.58.11:865][713]Cmd: EDIT PASTE
[2018.08.27-18.58.20:914][788]Cmd: TRANSACTION UNDO
[2018.08.27-18.58.20:914][788]LogEditorTransaction: Undo Marquee Select
[2018.08.27-18.58.28:854][731]LogSlate: FSceneViewport::OnFocusLost() reason 0
[2018.08.27-18.58.32:371][150]Cmd: TRANSACTION UNDO
[2018.08.27-18.58.32:371][150]LogEditorTransaction: Undo Marquee Select
[2018.08.27-18.58.36:118][595]Cmd: TRANSACTION UNDO
[2018.08.27-18.58.36:118][595]LogEditorTransaction: Undo Rotate Actors
[2018.08.27-18.58.39:169][957]Cmd: TRANSACTION REDO
[2018.08.27-18.58.39:169][957]LogEditorTransaction: Redo Rotate Actors
[2018.08.27-18.58.42:171][313]LogSlate: FSceneViewport::OnFocusLost() reason 0
[2018.08.27-18.59.13:209][ 22]LogSlate: FSceneViewport::OnFocusLost() reason 0
[2018.08.27-18.59.18:370][635]Cmd: EDIT COPY
[2018.08.27-18.59.19:264][742]Cmd: EDIT PASTE
[2018.08.27-18.59.36:068][746]LogSlate: FSceneViewport::OnFocusLost() reason 0
[2018.08.27-18.59.46:261][965]LogSlate: FSceneViewport::OnFocusLost() reason 0
[2018.08.27-18.59.54:824][988]LogSlate: FSceneViewport::OnFocusLost() reason 0
[2018.08.27-19.00.01:196][749]Cmd: EDIT COPY
[2018.08.27-19.00.01:375][770]Cmd: EDIT PASTE
[2018.08.27-19.00.10:457][848]LogSlate: FSceneViewport::OnFocusLost() reason 0
[2018.08.27-19.00.48:725][410]LogSlate: FSceneViewport::OnFocusLost() reason 2
[2018.08.27-19.00.49:012][443]LogSlate: FSceneViewport::OnFocusLost() reason 2
[2018.08.27-19.01.16:427][700]LogSlate: FSceneViewport::OnFocusLost() reason 2
[2018.08.27-19.01.18:772][980]Cmd: CAMERA ALIGN ACTIVEVIEWPORTONLY
[2018.08.27-19.01.31:853][538]Cmd: TRANSACTION UNDO
[2018.08.27-19.01.31:853][538]LogEditorTransaction: Undo Move Actors
[2018.08.27-19.01.31:859][538]LogActorComponent: ~FComponentReregisterContext: (/Game/ThirdPersonBP/Maps/ThirdPersonExampleMap.ThirdPersonExampleMap:PersistentLevel.StreetBigSquareBlock5.BrushComponent0) Component already registered.
[2018.08.27-19.01.31:860][538]LogActorComponent: ~FComponentReregisterContext: (/Game/ThirdPersonBP/Maps/ThirdPersonExampleMap.ThirdPersonExampleMap:PersistentLevel.SidewalkCorner5.BrushComponent0) Component already registered.
[2018.08.27-19.01.51:947][919]LogEditorViewport: Clicking Background
[2018.08.27-19.01.54:751][254]LogSlate: FSceneViewport::OnFocusLost() reason 0
[2018.08.27-19.02.25:509][903]LogSlate: FSceneViewport::OnFocusLost() reason 0
[2018.08.27-19.02.43:988][ 56]LogEditorViewport: Clicking Background
[2018.08.27-19.02.45:223][203]LogEditorViewport: Clicking Background
[2018.08.27-19.02.48:178][556]LogSlate: FSceneViewport::OnFocusLost() reason 2
[2018.08.27-19.02.55:183][381]Cmd: EDIT COPY
[2018.08.27-19.02.56:791][573]Cmd: EDIT PASTE
[2018.08.27-19.03.01:039][ 76]Cmd: TRANSACTION UNDO
[2018.08.27-19.03.01:039][ 76]LogEditorTransaction: Undo Paste
[2018.08.27-19.03.01:047][ 76]LogActorComponent: ~FComponentReregisterContext: (/Game/ThirdPersonBP/Maps/ThirdPersonExampleMap.ThirdPersonExampleMap:PersistentLevel.StreetRectBlock6.BrushComponent0) Component already registered.
[2018.08.27-19.03.08:201][910]Cmd: EDIT COPY
[2018.08.27-19.03.09:935][117]Cmd: EDIT PASTE
[2018.08.27-19.03.12:218][383]LogSlate: FSceneViewport::OnFocusLost() reason 0
[2018.08.27-19.03.19:341][233]LogSlate: FSceneViewport::OnFocusLost() reason 0
[2018.08.27-19.03.27:022][144]LogSlate: FSceneViewport::OnFocusLost() reason 2
[2018.08.27-19.03.49:953][884]LogSlate: FSceneViewport::OnFocusLost() reason 0
[2018.08.27-19.04.01:194][217]LogSlate: FSceneViewport::OnFocusLost() reason 0
[2018.08.27-19.04.32:697][980]LogSlate: FSceneViewport::OnFocusLost() reason 0
[2018.08.27-19.04.38:838][712]Cmd: EDIT COPY
[2018.08.27-19.04.39:024][734]Cmd: EDIT PASTE
[2018.08.27-19.04.51:498][210]LogSlate: FSceneViewport::OnFocusLost() reason 0
[2018.08.27-19.04.58:352][ 21]Cmd: EDIT COPY
[2018.08.27-19.04.58:506][ 39]Cmd: EDIT PASTE
[2018.08.27-19.05.07:748][135]LogSlate: FSceneViewport::OnFocusLost() reason 0
[2018.08.27-19.05.31:081][916]LogSlate: FSceneViewport::OnFocusLost() reason 2
[2018.08.27-19.05.34:558][331]LogEditorViewport: Clicking on Actor (LMB): BP_Sky_Sphere_C (SkySphereBlueprint)
[2018.08.27-19.05.45:150][595]LogSlate: FSceneViewport::OnFocusLost() reason 0
[2018.08.27-19.05.45:497][607]LogSavePackage: Save=208.71ms
[2018.08.27-19.05.45:497][607]LogSavePackage: Moving '../../../../../../Users/u1213186/Documents/Unreal Projects/Day3InclassCityBlock/Saved/ThirdPersonExampleMap960E4BD94A7C22845B3C7B99E5D8B7A9.tmp' to '../../../../../../Users/u1213186/Documents/Unreal Projects/Day3InclassCityBlock/Content/ThirdPersonBP/Maps/ThirdPersonExampleMap.umap'
[2018.08.27-19.05.45:500][607]LogSavePackage: Display: Finished SavePackage ../../../../../../Users/u1213186/Documents/Unreal Projects/Day3InclassCityBlock/Content/ThirdPersonBP/Maps/ThirdPersonExampleMap.umap
[2018.08.27-19.05.45:636][607]LogSavePackage: Save=108.61ms
[2018.08.27-19.05.45:637][607]LogSavePackage: Moving '../../../../../../Users/u1213186/Documents/Unreal Projects/Day3InclassCityBlock/Saved/ThirdPersonExampleMap_BuiltDataB6A72FC44D648A52F5F956A703EC8BA4.tmp' to '../../../../../../Users/u1213186/Documents/Unreal Projects/Day3InclassCityBlock/Content/ThirdPersonBP/Maps/ThirdPersonExampleMap_BuiltData.uasset'
[2018.08.27-19.05.45:638][607]LogSavePackage: Display: Finished SavePackage ../../../../../../Users/u1213186/Documents/Unreal Projects/Day3InclassCityBlock/Content/ThirdPersonBP/Maps/ThirdPersonExampleMap_BuiltData.uasset
[2018.08.27-19.05.47:014][768]LogSlate: FSceneViewport::OnFocusLost() reason 2
[2018.08.27-19.06.52:253][587]LogSlate: Took 0.005748 seconds to synchronously load lazily loaded font '../../../Engine/Content/Slate/Fonts/Roboto-Italic.ttf' (157K)
[2018.08.27-19.06.53:905][783]LogSlate: FSceneViewport::OnFocusLost() reason 0
[2018.08.27-19.07.32:290][361]LogSlate: FSceneViewport::OnFocusLost() reason 0
[2018.08.27-19.07.44:277][743]LogSlate: FSceneViewport::OnFocusLost() reason 0
[2018.08.27-19.08.31:921][395]Cmd: TRANSACTION UNDO
[2018.08.27-19.08.31:921][395]LogEditorTransaction: Undo Move Actors
[2018.08.27-19.08.31:928][395]LogActorComponent: ~FComponentReregisterContext: (/Game/ThirdPersonBP/Maps/ThirdPersonExampleMap.ThirdPersonExampleMap:PersistentLevel.StreetRectBlock14.BrushComponent0) Component already registered.
[2018.08.27-19.08.47:858][ 28]LogSlate: FSceneViewport::OnFocusLost() reason 0
[2018.08.27-19.08.50:490][314]LogSavePackage: Save=134.96ms
[2018.08.27-19.08.50:490][314]LogSavePackage: Moving '../../../../../../Users/u1213186/Documents/Unreal Projects/Day3InclassCityBlock/Saved/ThirdPersonExampleMap99E22E9B4872EE596ACCB6A6637CB705.tmp' to '../../../../../../Users/u1213186/Documents/Unreal Projects/Day3InclassCityBlock/Content/ThirdPersonBP/Maps/ThirdPersonExampleMap.umap'
[2018.08.27-19.08.50:493][314]LogSavePackage: Display: Finished SavePackage ../../../../../../Users/u1213186/Documents/Unreal Projects/Day3InclassCityBlock/Content/ThirdPersonBP/Maps/ThirdPersonExampleMap.umap
[2018.08.27-19.08.50:502][314]LogFileHelpers: Saving map 'ThirdPersonExampleMap' took 0.216
